Fri Jun 30 2017 09:52:11 GMT-0700 (Pacific Daylight Time): GET /About
Fri Jun 30 2017 09:52:13 GMT-0700 (Pacific Daylight Time): GET /
Fri Jun 30 2017 10:01:33 GMT-0700 (Pacific Daylight Time): GET /
Fri Jun 30 2017 10:01:51 GMT-0700 (Pacific Daylight Time): GET /help
Fri Jun 30 2017 10:04:07 GMT-0700 (Pacific Daylight Time): GET /help.html
Fri Jun 30 2017 10:04:07 GMT-0700 (Pacific Daylight Time): GET /css/StyleSheet.css
Fri Jun 30 2017 10:04:23 GMT-0700 (Pacific Daylight Time): GET /help.html
Fri Jun 30 2017 10:04:23 GMT-0700 (Pacific Daylight Time): GET /css/StyleSheet.css
Fri Jun 30 2017 10:05:06 GMT-0700 (Pacific Daylight Time): GET /
Fri Jun 30 2017 10:05:06 GMT-0700 (Pacific Daylight Time): GET /css/StyleSheet.css
Fri Jun 30 2017 10:05:06 GMT-0700 (Pacific Daylight Time): GET /favicon.ico
Fri Jun 30 2017 10:10:27 GMT-0700 (Pacific Daylight Time): GET /
Fri Jun 30 2017 10:10:27 GMT-0700 (Pacific Daylight Time): GET /css/StyleSheet.css
Fri Jun 30 2017 10:10:27 GMT-0700 (Pacific Daylight Time): GET /favicon.ico
Fri Jun 30 2017 10:10:27 GMT-0700 (Pacific Daylight Time): GET /favicon.ico
Fri Jun 30 2017 10:12:38 GMT-0700 (Pacific Daylight Time): GET /
Fri Jun 30 2017 10:12:38 GMT-0700 (Pacific Daylight Time): GET /css/StyleSheet.css
Fri Jun 30 2017 10:12:38 GMT-0700 (Pacific Daylight Time): GET /favicon.ico
Fri Jun 30 2017 10:12:38 GMT-0700 (Pacific Daylight Time): GET /favicon.ico
Fri Jun 30 2017 10:14:40 GMT-0700 (Pacific Daylight Time): GET /
Fri Jun 30 2017 10:14:40 GMT-0700 (Pacific Daylight Time): GET /favicon.ico
Fri Jun 30 2017 10:14:40 GMT-0700 (Pacific Daylight Time): GET /favicon.ico
Fri Jun 30 2017 10:14:52 GMT-0700 (Pacific Daylight Time): GET /home
Fri Jun 30 2017 10:14:58 GMT-0700 (Pacific Daylight Time): GET /about
Fri Jun 30 2017 10:15:03 GMT-0700 (Pacific Daylight Time): GET /About
Fri Jun 30 2017 10:15:42 GMT-0700 (Pacific Daylight Time): GET /
Fri Jun 30 2017 10:15:43 GMT-0700 (Pacific Daylight Time): GET /css/StyleSheet.css
Fri Jun 30 2017 10:15:43 GMT-0700 (Pacific Daylight Time): GET /favicon.ico
Fri Jun 30 2017 10:15:43 GMT-0700 (Pacific Daylight Time): GET /favicon.ico
Fri Jun 30 2017 10:15:45 GMT-0700 (Pacific Daylight Time): GET /About
Fri Jun 30 2017 10:15:45 GMT-0700 (Pacific Daylight Time): GET /css/StyleSheet.css
Fri Jun 30 2017 10:27:15 GMT-0700 (Pacific Daylight Time): GET /
Fri Jun 30 2017 10:27:16 GMT-0700 (Pacific Daylight Time): GET /css/StyleSheet.css
Fri Jun 30 2017 10:27:19 GMT-0700 (Pacific Daylight Time): GET /About
Fri Jun 30 2017 10:27:19 GMT-0700 (Pacific Daylight Time): GET /css/StyleSheet.css
Fri Jun 30 2017 10:27:20 GMT-0700 (Pacific Daylight Time): GET /
Fri Jun 30 2017 10:27:20 GMT-0700 (Pacific Daylight Time): GET /css/StyleSheet.css
Fri Jun 30 2017 11:05:45 GMT-0700 (Pacific Daylight Time): GET /
Fri Jun 30 2017 11:05:45 GMT-0700 (Pacific Daylight Time): GET /css/StyleSheet.css
Fri Jun 30 2017 11:06:25 GMT-0700 (Pacific Daylight Time): GET /
Fri Jun 30 2017 11:06:26 GMT-0700 (Pacific Daylight Time): GET /css/StyleSheet.css
Fri Jun 30 2017 11:09:32 GMT-0700 (Pacific Daylight Time): GET /
Fri Jun 30 2017 11:09:32 GMT-0700 (Pacific Daylight Time): GET /css/StyleSheet.css
Fri Jun 30 2017 11:09:33 GMT-0700 (Pacific Daylight Time): GET /
Fri Jun 30 2017 11:09:33 GMT-0700 (Pacific Daylight Time): GET /css/StyleSheet.css
Fri Jun 30 2017 11:09:40 GMT-0700 (Pacific Daylight Time): GET /About
Fri Jun 30 2017 11:10:05 GMT-0700 (Pacific Daylight Time): GET /about
Fri Jun 30 2017 11:11:01 GMT-0700 (Pacific Daylight Time): GET /about
Fri Jun 30 2017 11:11:02 GMT-0700 (Pacific Daylight Time): GET /about
Fri Jun 30 2017 11:11:04 GMT-0700 (Pacific Daylight Time): GET /about
Fri Jun 30 2017 11:12:51 GMT-0700 (Pacific Daylight Time): GET /
Fri Jun 30 2017 11:12:51 GMT-0700 (Pacific Daylight Time): GET /css/StyleSheet.css
Fri Jun 30 2017 11:12:56 GMT-0700 (Pacific Daylight Time): GET /about
Fri Jun 30 2017 11:13:25 GMT-0700 (Pacific Daylight Time): GET /about
Fri Jun 30 2017 11:14:01 GMT-0700 (Pacific Daylight Time): GET /about
Fri Jun 30 2017 11:14:02 GMT-0700 (Pacific Daylight Time): GET /about
Fri Jun 30 2017 11:14:03 GMT-0700 (Pacific Daylight Time): GET /about
Fri Jun 30 2017 11:14:04 GMT-0700 (Pacific Daylight Time): GET /about
Fri Jun 30 2017 11:14:18 GMT-0700 (Pacific Daylight Time): GET /about
Fri Jun 30 2017 11:14:30 GMT-0700 (Pacific Daylight Time): GET /
Fri Jun 30 2017 11:14:31 GMT-0700 (Pacific Daylight Time): GET /css/StyleSheet.css
Fri Jun 30 2017 11:14:34 GMT-0700 (Pacific Daylight Time): GET /about
Fri Jun 30 2017 11:16:55 GMT-0700 (Pacific Daylight Time): GET /about
Fri Jun 30 2017 11:16:55 GMT-0700 (Pacific Daylight Time): GET /css/StyleSheet.css
Fri Jun 30 2017 12:46:20 GMT-0700 (Pacific Daylight Time): GET /
Fri Jun 30 2017 12:46:20 GMT-0700 (Pacific Daylight Time): GET /css/StyleSheet.css
Fri Jun 30 2017 12:46:20 GMT-0700 (Pacific Daylight Time): GET /favicon.ico
Fri Jun 30 2017 12:46:22 GMT-0700 (Pacific Daylight Time): GET /About
Fri Jun 30 2017 12:46:22 GMT-0700 (Pacific Daylight Time): GET /css/StyleSheet.css
Fri Jun 30 2017 12:46:23 GMT-0700 (Pacific Daylight Time): GET /
Fri Jun 30 2017 12:46:23 GMT-0700 (Pacific Daylight Time): GET /css/StyleSheet.css
Fri Jun 30 2017 12:46:24 GMT-0700 (Pacific Daylight Time): GET /About
Fri Jun 30 2017 12:46:24 GMT-0700 (Pacific Daylight Time): GET /css/StyleSheet.css
Fri Jun 30 2017 12:46:26 GMT-0700 (Pacific Daylight Time): GET /
Fri Jun 30 2017 12:46:26 GMT-0700 (Pacific Daylight Time): GET /css/StyleSheet.css
Fri Jun 30 2017 12:46:28 GMT-0700 (Pacific Daylight Time): GET /About
Fri Jun 30 2017 12:46:28 GMT-0700 (Pacific Daylight Time): GET /css/StyleSheet.css
Fri Jun 30 2017 12:46:29 GMT-0700 (Pacific Daylight Time): GET /
Fri Jun 30 2017 12:46:29 GMT-0700 (Pacific Daylight Time): GET /css/StyleSheet.css
Fri Jun 30 2017 12:46:30 GMT-0700 (Pacific Daylight Time): GET /
Fri Jun 30 2017 12:46:30 GMT-0700 (Pacific Daylight Time): GET /css/StyleSheet.css
Fri Jun 30 2017 12:46:31 GMT-0700 (Pacific Daylight Time): GET /About
Fri Jun 30 2017 12:46:31 GMT-0700 (Pacific Daylight Time): GET /css/StyleSheet.css
Fri Jun 30 2017 12:47:35 GMT-0700 (Pacific Daylight Time): GET /About
Fri Jun 30 2017 12:54:38 GMT-0700 (Pacific Daylight Time): GET /About
Fri Jun 30 2017 12:54:39 GMT-0700 (Pacific Daylight Time): GET /About
Fri Jun 30 2017 12:54:45 GMT-0700 (Pacific Daylight Time): GET /Home
Fri Jun 30 2017 12:54:48 GMT-0700 (Pacific Daylight Time): GET /
Fri Jun 30 2017 12:54:48 GMT-0700 (Pacific Daylight Time): GET /css/StyleSheet.css
Fri Jun 30 2017 12:56:22 GMT-0700 (Pacific Daylight Time): GET /
Fri Jun 30 2017 12:56:22 GMT-0700 (Pacific Daylight Time): GET /css/StyleSheet.css
Fri Jun 30 2017 12:56:25 GMT-0700 (Pacific Daylight Time): GET /about
Fri Jun 30 2017 12:56:25 GMT-0700 (Pacific Daylight Time): GET /css/StyleSheet.css
Fri Jun 30 2017 12:56:44 GMT-0700 (Pacific Daylight Time): GET /about
Fri Jun 30 2017 12:56:44 GMT-0700 (Pacific Daylight Time): GET /css/StyleSheet.css
Fri Jun 30 2017 12:56:45 GMT-0700 (Pacific Daylight Time): GET /about
Fri Jun 30 2017 12:56:45 GMT-0700 (Pacific Daylight Time): GET /css/StyleSheet.css
Fri Jun 30 2017 12:57:12 GMT-0700 (Pacific Daylight Time): GET /about
Fri Jun 30 2017 12:57:13 GMT-0700 (Pacific Daylight Time): GET /css/StyleSheet.css
Fri Jun 30 2017 12:57:13 GMT-0700 (Pacific Daylight Time): GET /favicon.ico
Fri Jun 30 2017 12:57:13 GMT-0700 (Pacific Daylight Time): GET /favicon.ico
Fri Jun 30 2017 12:58:07 GMT-0700 (Pacific Daylight Time): GET /about
Fri Jun 30 2017 12:58:23 GMT-0700 (Pacific Daylight Time): GET /about
Fri Jun 30 2017 12:58:23 GMT-0700 (Pacific Daylight Time): GET /css/StyleSheet.css
Fri Jun 30 2017 12:59:23 GMT-0700 (Pacific Daylight Time): GET /about
Fri Jun 30 2017 12:59:23 GMT-0700 (Pacific Daylight Time): GET /css/StyleSheet.css
Fri Jun 30 2017 13:02:08 GMT-0700 (Pacific Daylight Time): GET /
Fri Jun 30 2017 13:02:08 GMT-0700 (Pacific Daylight Time): GET /favicon.ico
Fri Jun 30 2017 13:02:08 GMT-0700 (Pacific Daylight Time): GET /favicon.ico
Fri Jun 30 2017 13:02:16 GMT-0700 (Pacific Daylight Time): GET /About
Fri Jun 30 2017 13:02:49 GMT-0700 (Pacific Daylight Time): GET /About
Fri Jun 30 2017 13:02:50 GMT-0700 (Pacific Daylight Time): GET /About
Fri Jun 30 2017 13:03:01 GMT-0700 (Pacific Daylight Time): GET /
Fri Jun 30 2017 13:03:07 GMT-0700 (Pacific Daylight Time): GET /about
Fri Jun 30 2017 13:05:02 GMT-0700 (Pacific Daylight Time): GET /about
Fri Jun 30 2017 13:06:49 GMT-0700 (Pacific Daylight Time): GET /about
Fri Jun 30 2017 13:07:28 GMT-0700 (Pacific Daylight Time): GET /about
Fri Jun 30 2017 13:07:56 GMT-0700 (Pacific Daylight Time): GET /about
Fri Jun 30 2017 13:08:57 GMT-0700 (Pacific Daylight Time): GET /about
Fri Jun 30 2017 13:10:13 GMT-0700 (Pacific Daylight Time): GET /
Fri Jun 30 2017 13:12:05 GMT-0700 (Pacific Daylight Time): GET /
Fri Jun 30 2017 13:12:29 GMT-0700 (Pacific Daylight Time): GET /
Fri Jun 30 2017 13:12:35 GMT-0700 (Pacific Daylight Time): GET /Home
Fri Jun 30 2017 13:12:38 GMT-0700 (Pacific Daylight Time): GET /About
Fri Jun 30 2017 13:13:04 GMT-0700 (Pacific Daylight Time): GET /About
Fri Jun 30 2017 13:23:12 GMT-0700 (Pacific Daylight Time): GET /
Fri Jun 30 2017 13:23:13 GMT-0700 (Pacific Daylight Time): GET /dist/css/bootstrap.min.css
Fri Jun 30 2017 13:23:13 GMT-0700 (Pacific Daylight Time): GET /assets/css/ie10-viewport-bug-workaround.css
Fri Jun 30 2017 13:23:13 GMT-0700 (Pacific Daylight Time): GET /cover.css
Fri Jun 30 2017 13:23:16 GMT-0700 (Pacific Daylight Time): GET /About
Fri Jun 30 2017 13:23:16 GMT-0700 (Pacific Daylight Time): GET /dist/css/bootstrap.min.css
Fri Jun 30 2017 13:23:16 GMT-0700 (Pacific Daylight Time): GET /assets/css/ie10-viewport-bug-workaround.css
Fri Jun 30 2017 13:23:16 GMT-0700 (Pacific Daylight Time): GET /cover.css
Fri Jun 30 2017 13:25:10 GMT-0700 (Pacific Daylight Time): GET /About
Fri Jun 30 2017 13:25:10 GMT-0700 (Pacific Daylight Time): GET /dist/css/bootstrap.min.css
Fri Jun 30 2017 13:25:10 GMT-0700 (Pacific Daylight Time): GET /assets/css/ie10-viewport-bug-workaround.css
Fri Jun 30 2017 13:25:10 GMT-0700 (Pacific Daylight Time): GET /cover.css
Fri Jun 30 2017 13:25:17 GMT-0700 (Pacific Daylight Time): GET /
Fri Jun 30 2017 13:25:17 GMT-0700 (Pacific Daylight Time): GET /dist/css/bootstrap.min.css
Fri Jun 30 2017 13:25:17 GMT-0700 (Pacific Daylight Time): GET /assets/css/ie10-viewport-bug-workaround.css
Fri Jun 30 2017 13:25:17 GMT-0700 (Pacific Daylight Time): GET /cover.css
Fri Jun 30 2017 13:28:23 GMT-0700 (Pacific Daylight Time): GET /
Fri Jun 30 2017 13:28:23 GMT-0700 (Pacific Daylight Time): GET /dist/css/bootstrap.min.css
Fri Jun 30 2017 13:28:23 GMT-0700 (Pacific Daylight Time): GET /assets/css/ie10-viewport-bug-workaround.css
Fri Jun 30 2017 13:28:23 GMT-0700 (Pacific Daylight Time): GET /cover.css
Fri Jun 30 2017 13:28:26 GMT-0700 (Pacific Daylight Time): GET /about
Fri Jun 30 2017 13:28:26 GMT-0700 (Pacific Daylight Time): GET /dist/css/bootstrap.min.css
Fri Jun 30 2017 13:28:26 GMT-0700 (Pacific Daylight Time): GET /assets/css/ie10-viewport-bug-workaround.css
Fri Jun 30 2017 13:28:26 GMT-0700 (Pacific Daylight Time): GET /cover.css
Fri Jun 30 2017 13:28:31 GMT-0700 (Pacific Daylight Time): GET /about
Fri Jun 30 2017 13:28:31 GMT-0700 (Pacific Daylight Time): GET /dist/css/bootstrap.min.css
Fri Jun 30 2017 13:28:31 GMT-0700 (Pacific Daylight Time): GET /assets/css/ie10-viewport-bug-workaround.css
Fri Jun 30 2017 13:28:31 GMT-0700 (Pacific Daylight Time): GET /cover.css
Fri Jun 30 2017 13:29:14 GMT-0700 (Pacific Daylight Time): GET /about
Fri Jun 30 2017 13:29:14 GMT-0700 (Pacific Daylight Time): GET /dist/css/bootstrap.min.css
Fri Jun 30 2017 13:29:14 GMT-0700 (Pacific Daylight Time): GET /cover.css
Fri Jun 30 2017 13:29:14 GMT-0700 (Pacific Daylight Time): GET /assets/css/ie10-viewport-bug-workaround.css
Fri Jun 30 2017 13:31:47 GMT-0700 (Pacific Daylight Time): GET /about
Fri Jun 30 2017 13:31:47 GMT-0700 (Pacific Daylight Time): GET /dist/css/bootstrap.min.css
Fri Jun 30 2017 13:31:47 GMT-0700 (Pacific Daylight Time): GET /assets/css/ie10-viewport-bug-workaround.css
Fri Jun 30 2017 13:31:47 GMT-0700 (Pacific Daylight Time): GET /style.css
Fri Jun 30 2017 13:32:41 GMT-0700 (Pacific Daylight Time): GET /about
Fri Jun 30 2017 13:32:41 GMT-0700 (Pacific Daylight Time): GET /dist/css/bootstrap.min.css
Fri Jun 30 2017 13:32:41 GMT-0700 (Pacific Daylight Time): GET /assets/css/ie10-viewport-bug-workaround.css
Fri Jun 30 2017 13:32:41 GMT-0700 (Pacific Daylight Time): GET /style.css
Fri Jun 30 2017 13:33:57 GMT-0700 (Pacific Daylight Time): GET /about
Fri Jun 30 2017 13:33:57 GMT-0700 (Pacific Daylight Time): GET /dist/css/bootstrap.min.css
Fri Jun 30 2017 13:33:57 GMT-0700 (Pacific Daylight Time): GET /assets/css/ie10-viewport-bug-workaround.css
Fri Jun 30 2017 13:33:57 GMT-0700 (Pacific Daylight Time): GET /cover.css
Fri Jun 30 2017 13:33:57 GMT-0700 (Pacific Daylight Time): GET /assets/js/ie-emulation-modes-warning.js
Fri Jun 30 2017 13:37:08 GMT-0700 (Pacific Daylight Time): GET /about
Fri Jun 30 2017 13:37:08 GMT-0700 (Pacific Daylight Time): GET /style.css
Fri Jun 30 2017 13:39:01 GMT-0700 (Pacific Daylight Time): GET /
Fri Jun 30 2017 13:39:01 GMT-0700 (Pacific Daylight Time): GET /Sheet.css
Fri Jun 30 2017 13:39:04 GMT-0700 (Pacific Daylight Time): GET /about
Fri Jun 30 2017 13:39:04 GMT-0700 (Pacific Daylight Time): GET /Sheet.css
Fri Jun 30 2017 13:40:01 GMT-0700 (Pacific Daylight Time): GET /about
Fri Jun 30 2017 13:40:01 GMT-0700 (Pacific Daylight Time): GET /Sheet.css
Fri Jun 30 2017 13:40:01 GMT-0700 (Pacific Daylight Time): GET /favicon.ico
Fri Jun 30 2017 13:40:01 GMT-0700 (Pacific Daylight Time): GET /favicon.ico
Fri Jun 30 2017 13:42:26 GMT-0700 (Pacific Daylight Time): GET /about
Fri Jun 30 2017 13:45:15 GMT-0700 (Pacific Daylight Time): GET /about
Fri Jun 30 2017 13:45:15 GMT-0700 (Pacific Daylight Time): GET /Sheetstyle.css
Fri Jun 30 2017 13:45:15 GMT-0700 (Pacific Daylight Time): GET /favicon.ico
Fri Jun 30 2017 13:45:15 GMT-0700 (Pacific Daylight Time): GET /favicon.ico
Fri Jun 30 2017 13:45:54 GMT-0700 (Pacific Daylight Time): GET /about
Fri Jun 30 2017 13:45:54 GMT-0700 (Pacific Daylight Time): GET /Sheetstyle.css
Fri Jun 30 2017 13:53:04 GMT-0700 (Pacific Daylight Time): GET /about
Fri Jun 30 2017 13:53:04 GMT-0700 (Pacific Daylight Time): GET /cover.css
Fri Jun 30 2017 13:54:35 GMT-0700 (Pacific Daylight Time): GET /about
Fri Jun 30 2017 13:54:35 GMT-0700 (Pacific Daylight Time): GET /cover.css
Fri Jun 30 2017 13:54:35 GMT-0700 (Pacific Daylight Time): GET /dist/js/bootstrap.min.js
Fri Jun 30 2017 13:54:35 GMT-0700 (Pacific Daylight Time): GET /assets/js/ie10-viewport-bug-workaround.js
Fri Jun 30 2017 13:54:35 GMT-0700 (Pacific Daylight Time): GET /dist/js/bootstrap.min.js
Fri Jun 30 2017 13:54:35 GMT-0700 (Pacific Daylight Time): GET /assets/js/ie10-viewport-bug-workaround.js
Fri Jun 30 2017 13:56:28 GMT-0700 (Pacific Daylight Time): GET /about
Fri Jun 30 2017 13:56:29 GMT-0700 (Pacific Daylight Time): GET /cover.css
Fri Jun 30 2017 13:56:29 GMT-0700 (Pacific Daylight Time): GET /about
Fri Jun 30 2017 13:56:29 GMT-0700 (Pacific Daylight Time): GET /cover.css
Fri Jun 30 2017 13:56:45 GMT-0700 (Pacific Daylight Time): GET /
Fri Jun 30 2017 13:56:45 GMT-0700 (Pacific Daylight Time): GET /cover.css
Fri Jun 30 2017 13:56:46 GMT-0700 (Pacific Daylight Time): GET /favicon.ico
Fri Jun 30 2017 13:56:46 GMT-0700 (Pacific Daylight Time): GET /favicon.ico
Fri Jun 30 2017 13:56:48 GMT-0700 (Pacific Daylight Time): GET /about
Fri Jun 30 2017 13:56:48 GMT-0700 (Pacific Daylight Time): GET /cover.css
Fri Jun 30 2017 13:56:54 GMT-0700 (Pacific Daylight Time): GET /cover.css
Fri Jun 30 2017 13:56:54 GMT-0700 (Pacific Daylight Time): GET /cover.css
Fri Jun 30 2017 13:58:41 GMT-0700 (Pacific Daylight Time): GET /about
Fri Jun 30 2017 13:58:41 GMT-0700 (Pacific Daylight Time): GET /cover.css
Fri Jun 30 2017 13:58:42 GMT-0700 (Pacific Daylight Time): GET /favicon.ico
Fri Jun 30 2017 13:58:42 GMT-0700 (Pacific Daylight Time): GET /favicon.ico
Fri Jun 30 2017 13:59:29 GMT-0700 (Pacific Daylight Time): GET /about
Fri Jun 30 2017 13:59:29 GMT-0700 (Pacific Daylight Time): GET /StyleSheet.css
Fri Jun 30 2017 13:59:30 GMT-0700 (Pacific Daylight Time): GET /favicon.ico
Fri Jun 30 2017 13:59:30 GMT-0700 (Pacific Daylight Time): GET /favicon.ico
Fri Jun 30 2017 13:59:54 GMT-0700 (Pacific Daylight Time): GET /about
Fri Jun 30 2017 13:59:54 GMT-0700 (Pacific Daylight Time): GET /StyleSheet.css
Fri Jun 30 2017 13:59:54 GMT-0700 (Pacific Daylight Time): GET /favicon.ico
Fri Jun 30 2017 13:59:56 GMT-0700 (Pacific Daylight Time): GET /StyleSheet.css
Fri Jun 30 2017 14:00:46 GMT-0700 (Pacific Daylight Time): GET /about
Fri Jun 30 2017 14:00:46 GMT-0700 (Pacific Daylight Time): GET /StyleSheet.css
Fri Jun 30 2017 14:00:46 GMT-0700 (Pacific Daylight Time): GET /favicon.ico
Fri Jun 30 2017 14:00:51 GMT-0700 (Pacific Daylight Time): GET /StyleSheet.css
Fri Jun 30 2017 14:01:09 GMT-0700 (Pacific Daylight Time): GET /about
Fri Jun 30 2017 14:01:09 GMT-0700 (Pacific Daylight Time): GET /StyleSheet.css
Fri Jun 30 2017 14:01:10 GMT-0700 (Pacific Daylight Time): GET /favicon.ico
Fri Jun 30 2017 14:01:13 GMT-0700 (Pacific Daylight Time): GET /StyleSheet.css
Fri Jun 30 2017 14:01:49 GMT-0700 (Pacific Daylight Time): GET /about
Fri Jun 30 2017 14:01:49 GMT-0700 (Pacific Daylight Time): GET /StyleSheet.css
Fri Jun 30 2017 14:01:50 GMT-0700 (Pacific Daylight Time): GET /favicon.ico
Fri Jun 30 2017 14:01:50 GMT-0700 (Pacific Daylight Time): GET /favicon.ico
Fri Jun 30 2017 14:03:27 GMT-0700 (Pacific Daylight Time): GET /about
Fri Jun 30 2017 14:03:27 GMT-0700 (Pacific Daylight Time): GET /StyleSheet.css
Fri Jun 30 2017 14:08:25 GMT-0700 (Pacific Daylight Time): GET /about
Fri Jun 30 2017 14:08:25 GMT-0700 (Pacific Daylight Time): GET /dist/css/bootstrap.min.css
Fri Jun 30 2017 14:08:25 GMT-0700 (Pacific Daylight Time): GET /assets/css/ie10-viewport-bug-workaround.css
Fri Jun 30 2017 14:08:25 GMT-0700 (Pacific Daylight Time): GET /cover.css
Fri Jun 30 2017 14:08:25 GMT-0700 (Pacific Daylight Time): GET /assets/js/ie-emulation-modes-warning.js
Fri Jun 30 2017 14:08:25 GMT-0700 (Pacific Daylight Time): GET /dist/js/bootstrap.min.js
Fri Jun 30 2017 14:08:25 GMT-0700 (Pacific Daylight Time): GET /assets/js/ie10-viewport-bug-workaround.js
Fri Jun 30 2017 14:08:26 GMT-0700 (Pacific Daylight Time): GET /dist/js/bootstrap.min.js
Fri Jun 30 2017 14:08:26 GMT-0700 (Pacific Daylight Time): GET /assets/js/ie10-viewport-bug-workaround.js
Fri Jun 30 2017 14:09:35 GMT-0700 (Pacific Daylight Time): GET /about
Fri Jun 30 2017 14:09:35 GMT-0700 (Pacific Daylight Time): GET /dist/css/bootstrap.min.css
Fri Jun 30 2017 14:09:35 GMT-0700 (Pacific Daylight Time): GET /assets/css/ie10-viewport-bug-workaround.css
Fri Jun 30 2017 14:09:35 GMT-0700 (Pacific Daylight Time): GET /cover.css
Fri Jun 30 2017 14:09:35 GMT-0700 (Pacific Daylight Time): GET /assets/js/ie-emulation-modes-warning.js
Fri Jun 30 2017 14:09:35 GMT-0700 (Pacific Daylight Time): GET /dist/js/bootstrap.min.js
Fri Jun 30 2017 14:09:35 GMT-0700 (Pacific Daylight Time): GET /assets/js/ie10-viewport-bug-workaround.js
Fri Jun 30 2017 14:09:35 GMT-0700 (Pacific Daylight Time): GET /dist/js/bootstrap.min.js
Fri Jun 30 2017 14:09:35 GMT-0700 (Pacific Daylight Time): GET /assets/js/ie10-viewport-bug-workaround.js
Fri Jun 30 2017 14:09:35 GMT-0700 (Pacific Daylight Time): GET /favicon.ico
Fri Jun 30 2017 14:09:37 GMT-0700 (Pacific Daylight Time): GET /dist/css/bootstrap.min.css
Fri Jun 30 2017 14:09:37 GMT-0700 (Pacific Daylight Time): GET /assets/css/ie10-viewport-bug-workaround.css
Fri Jun 30 2017 14:09:37 GMT-0700 (Pacific Daylight Time): GET /cover.css
Fri Jun 30 2017 14:11:33 GMT-0700 (Pacific Daylight Time): GET /about
Fri Jun 30 2017 14:11:33 GMT-0700 (Pacific Daylight Time): GET /dist/css/bootstrap.min.css
Fri Jun 30 2017 14:11:33 GMT-0700 (Pacific Daylight Time): GET /assets/css/ie10-viewport-bug-workaround.css
Fri Jun 30 2017 14:11:33 GMT-0700 (Pacific Daylight Time): GET /cover.css
Fri Jun 30 2017 14:11:33 GMT-0700 (Pacific Daylight Time): GET /dist/js/bootstrap.min.js
Fri Jun 30 2017 14:11:33 GMT-0700 (Pacific Daylight Time): GET /assets/js/ie-emulation-modes-warning.js
Fri Jun 30 2017 14:11:33 GMT-0700 (Pacific Daylight Time): GET /assets/js/ie10-viewport-bug-workaround.js
Fri Jun 30 2017 14:11:33 GMT-0700 (Pacific Daylight Time): GET /favicon.ico
Fri Jun 30 2017 14:11:33 GMT-0700 (Pacific Daylight Time): GET /dist/js/bootstrap.min.js
Fri Jun 30 2017 14:11:33 GMT-0700 (Pacific Daylight Time): GET /assets/js/ie10-viewport-bug-workaround.js
Fri Jun 30 2017 14:13:46 GMT-0700 (Pacific Daylight Time): GET /about
Fri Jun 30 2017 14:13:46 GMT-0700 (Pacific Daylight Time): GET /bootstrap/dist/css/bootstrap.min.css
Fri Jun 30 2017 14:13:46 GMT-0700 (Pacific Daylight Time): GET /assets/css/ie10-viewport-bug-workaround.css
Fri Jun 30 2017 14:13:46 GMT-0700 (Pacific Daylight Time): GET /dist/js/bootstrap.min.js
Fri Jun 30 2017 14:13:46 GMT-0700 (Pacific Daylight Time): GET /assets/js/ie-emulation-modes-warning.js
Fri Jun 30 2017 14:13:46 GMT-0700 (Pacific Daylight Time): GET /cover.css
Fri Jun 30 2017 14:13:46 GMT-0700 (Pacific Daylight Time): GET /assets/js/ie10-viewport-bug-workaround.js
Fri Jun 30 2017 14:13:46 GMT-0700 (Pacific Daylight Time): GET /favicon.ico
Fri Jun 30 2017 14:13:47 GMT-0700 (Pacific Daylight Time): GET /dist/js/bootstrap.min.js
Fri Jun 30 2017 14:13:47 GMT-0700 (Pacific Daylight Time): GET /assets/js/ie10-viewport-bug-workaround.js
Fri Jun 30 2017 14:14:10 GMT-0700 (Pacific Daylight Time): GET /bootstrap/dist/css/bootstrap.min.css
Fri Jun 30 2017 14:14:10 GMT-0700 (Pacific Daylight Time): GET /bootstrap/dist/css/bootstrap.min.css
Fri Jun 30 2017 14:14:10 GMT-0700 (Pacific Daylight Time): GET /assets/css/ie10-viewport-bug-workaround.css
Fri Jun 30 2017 14:14:10 GMT-0700 (Pacific Daylight Time): GET /assets/css/ie10-viewport-bug-workaround.css
Fri Jun 30 2017 14:15:13 GMT-0700 (Pacific Daylight Time): GET /about
Fri Jun 30 2017 14:15:13 GMT-0700 (Pacific Daylight Time): GET /bootstrap/dist/css/bootstrap.min.css
Fri Jun 30 2017 14:15:13 GMT-0700 (Pacific Daylight Time): GET /assets/css/ie10-viewport-bug-workaround.css
Fri Jun 30 2017 14:15:13 GMT-0700 (Pacific Daylight Time): GET /assets/js/ie-emulation-modes-warning.js
Fri Jun 30 2017 14:15:13 GMT-0700 (Pacific Daylight Time): GET /dist/js/bootstrap.min.js
Fri Jun 30 2017 14:15:13 GMT-0700 (Pacific Daylight Time): GET /assets/js/ie10-viewport-bug-workaround.js
Fri Jun 30 2017 14:15:13 GMT-0700 (Pacific Daylight Time): GET /cover.css
Fri Jun 30 2017 14:15:13 GMT-0700 (Pacific Daylight Time): GET /favicon.ico
Fri Jun 30 2017 14:15:13 GMT-0700 (Pacific Daylight Time): GET /dist/js/bootstrap.min.js
Fri Jun 30 2017 14:15:13 GMT-0700 (Pacific Daylight Time): GET /assets/js/ie10-viewport-bug-workaround.js
Fri Jun 30 2017 14:19:37 GMT-0700 (Pacific Daylight Time): GET /about
Fri Jun 30 2017 14:19:37 GMT-0700 (Pacific Daylight Time): GET /bootstrap/dist/css/bootstrap.min.css
Fri Jun 30 2017 14:19:37 GMT-0700 (Pacific Daylight Time): GET /assets/css/ie10-viewport-bug-workaround.css
Fri Jun 30 2017 14:19:37 GMT-0700 (Pacific Daylight Time): GET /cover.css
Fri Jun 30 2017 14:19:37 GMT-0700 (Pacific Daylight Time): GET /assets/js/ie-emulation-modes-warning.js
Fri Jun 30 2017 14:19:37 GMT-0700 (Pacific Daylight Time): GET /dist/js/bootstrap.min.js
Fri Jun 30 2017 14:19:37 GMT-0700 (Pacific Daylight Time): GET /assets/js/ie10-viewport-bug-workaround.js
Fri Jun 30 2017 14:19:37 GMT-0700 (Pacific Daylight Time): GET /dist/js/bootstrap.min.js
Fri Jun 30 2017 14:19:37 GMT-0700 (Pacific Daylight Time): GET /assets/js/ie10-viewport-bug-workaround.js
Fri Jun 30 2017 14:21:37 GMT-0700 (Pacific Daylight Time): GET /about
Fri Jun 30 2017 14:21:37 GMT-0700 (Pacific Daylight Time): GET /bootstrap/dist/css/bootstrap.min.css
Fri Jun 30 2017 14:21:37 GMT-0700 (Pacific Daylight Time): GET /assets/css/ie10-viewport-bug-workaround.css
Fri Jun 30 2017 14:21:37 GMT-0700 (Pacific Daylight Time): GET /assets/js/ie-emulation-modes-warning.js
Fri Jun 30 2017 14:21:37 GMT-0700 (Pacific Daylight Time): GET /cover.css
Fri Jun 30 2017 14:21:37 GMT-0700 (Pacific Daylight Time): GET /dist/js/bootstrap.min.js
Fri Jun 30 2017 14:21:37 GMT-0700 (Pacific Daylight Time): GET /assets/js/ie10-viewport-bug-workaround.js
Fri Jun 30 2017 14:21:37 GMT-0700 (Pacific Daylight Time): GET /favicon.ico
Fri Jun 30 2017 14:21:37 GMT-0700 (Pacific Daylight Time): GET /dist/js/bootstrap.min.js
Fri Jun 30 2017 14:21:37 GMT-0700 (Pacific Daylight Time): GET /assets/js/ie10-viewport-bug-workaround.js
Fri Jun 30 2017 14:23:21 GMT-0700 (Pacific Daylight Time): GET /about
Fri Jun 30 2017 14:23:21 GMT-0700 (Pacific Daylight Time): GET /dist/css/bootstrap.min.css
Fri Jun 30 2017 14:23:21 GMT-0700 (Pacific Daylight Time): GET /assets/css/ie10-viewport-bug-workaround.css
Fri Jun 30 2017 14:23:21 GMT-0700 (Pacific Daylight Time): GET /cover.css
Fri Jun 30 2017 14:23:21 GMT-0700 (Pacific Daylight Time): GET /assets/js/ie-emulation-modes-warning.js
Fri Jun 30 2017 14:23:21 GMT-0700 (Pacific Daylight Time): GET /dist/js/bootstrap.min.js
Fri Jun 30 2017 14:23:21 GMT-0700 (Pacific Daylight Time): GET /assets/js/ie10-viewport-bug-workaround.js
Fri Jun 30 2017 14:23:21 GMT-0700 (Pacific Daylight Time): GET /dist/js/bootstrap.min.js
Fri Jun 30 2017 14:23:21 GMT-0700 (Pacific Daylight Time): GET /assets/js/ie10-viewport-bug-workaround.js
Fri Jun 30 2017 14:23:21 GMT-0700 (Pacific Daylight Time): GET /favicon.ico
Fri Jun 30 2017 14:23:24 GMT-0700 (Pacific Daylight Time): GET /dist/css/bootstrap.min.css
Fri Jun 30 2017 14:23:24 GMT-0700 (Pacific Daylight Time): GET /assets/css/ie10-viewport-bug-workaround.css
Fri Jun 30 2017 14:23:24 GMT-0700 (Pacific Daylight Time): GET /cover.css
Fri Jun 30 2017 14:23:51 GMT-0700 (Pacific Daylight Time): GET /host
Fri Jun 30 2017 14:23:51 GMT-0700 (Pacific Daylight Time): GET /favicon.ico
Fri Jun 30 2017 14:23:56 GMT-0700 (Pacific Daylight Time): GET /about
Fri Jun 30 2017 14:23:56 GMT-0700 (Pacific Daylight Time): GET /dist/css/bootstrap.min.css
Fri Jun 30 2017 14:23:56 GMT-0700 (Pacific Daylight Time): GET /assets/css/ie10-viewport-bug-workaround.css
Fri Jun 30 2017 14:23:56 GMT-0700 (Pacific Daylight Time): GET /assets/js/ie-emulation-modes-warning.js
Fri Jun 30 2017 14:23:56 GMT-0700 (Pacific Daylight Time): GET /cover.css
Fri Jun 30 2017 14:23:56 GMT-0700 (Pacific Daylight Time): GET /dist/js/bootstrap.min.js
Fri Jun 30 2017 14:23:56 GMT-0700 (Pacific Daylight Time): GET /assets/js/ie10-viewport-bug-workaround.js
Fri Jun 30 2017 14:23:56 GMT-0700 (Pacific Daylight Time): GET /dist/js/bootstrap.min.js
Fri Jun 30 2017 14:23:56 GMT-0700 (Pacific Daylight Time): GET /assets/js/ie10-viewport-bug-workaround.js
Fri Jun 30 2017 14:35:45 GMT-0700 (Pacific Daylight Time): GET /about
Fri Jun 30 2017 14:35:45 GMT-0700 (Pacific Daylight Time): GET /vendor/bootstrap/css/bootstrap.min.css
Fri Jun 30 2017 14:35:45 GMT-0700 (Pacific Daylight Time): GET /css/freelancer.min.css
Fri Jun 30 2017 14:35:45 GMT-0700 (Pacific Daylight Time): GET /vendor/font-awesome/css/font-awesome.min.css
Fri Jun 30 2017 14:35:45 GMT-0700 (Pacific Daylight Time): GET /vendor/jquery/jquery.min.js
Fri Jun 30 2017 14:35:45 GMT-0700 (Pacific Daylight Time): GET /vendor/bootstrap/js/bootstrap.min.js
Fri Jun 30 2017 14:35:45 GMT-0700 (Pacific Daylight Time): GET /js/jqBootstrapValidation.js
Fri Jun 30 2017 14:35:45 GMT-0700 (Pacific Daylight Time): GET /js/contact_me.js
Fri Jun 30 2017 14:35:45 GMT-0700 (Pacific Daylight Time): GET /js/freelancer.min.js
Fri Jun 30 2017 14:35:45 GMT-0700 (Pacific Daylight Time): GET /vendor/bootstrap/js/bootstrap.min.js
Fri Jun 30 2017 14:35:45 GMT-0700 (Pacific Daylight Time): GET /img/profile.png
Fri Jun 30 2017 14:35:45 GMT-0700 (Pacific Daylight Time): GET /img/portfolio/cabin.png
Fri Jun 30 2017 14:35:45 GMT-0700 (Pacific Daylight Time): GET /img/portfolio/cake.png
Fri Jun 30 2017 14:35:45 GMT-0700 (Pacific Daylight Time): GET /img/portfolio/circus.png
Fri Jun 30 2017 14:35:45 GMT-0700 (Pacific Daylight Time): GET /img/portfolio/game.png
Fri Jun 30 2017 14:35:45 GMT-0700 (Pacific Daylight Time): GET /img/portfolio/safe.png
Fri Jun 30 2017 14:35:45 GMT-0700 (Pacific Daylight Time): GET /img/portfolio/submarine.png
Fri Jun 30 2017 14:35:45 GMT-0700 (Pacific Daylight Time): GET /js/jqBootstrapValidation.js
Fri Jun 30 2017 14:35:45 GMT-0700 (Pacific Daylight Time): GET /js/contact_me.js
Fri Jun 30 2017 14:35:45 GMT-0700 (Pacific Daylight Time): GET /js/freelancer.min.js
Fri Jun 30 2017 15:13:48 GMT-0700 (Pacific Daylight Time): GET /about
Fri Jun 30 2017 15:13:49 GMT-0700 (Pacific Daylight Time): GET /css/bootstrap.min.css
Fri Jun 30 2017 15:13:49 GMT-0700 (Pacific Daylight Time): GET /vendor/jquery/jquery.min.js
Fri Jun 30 2017 15:13:49 GMT-0700 (Pacific Daylight Time): GET /vendor/bootstrap/js/bootstrap.min.js
Fri Jun 30 2017 15:13:49 GMT-0700 (Pacific Daylight Time): GET /js/jqBootstrapValidation.js
Fri Jun 30 2017 15:13:49 GMT-0700 (Pacific Daylight Time): GET /js/contact_me.js
Fri Jun 30 2017 15:13:49 GMT-0700 (Pacific Daylight Time): GET /js/freelancer.min.js
Fri Jun 30 2017 15:13:49 GMT-0700 (Pacific Daylight Time): GET /js/bootstrap.min.js
Fri Jun 30 2017 15:13:49 GMT-0700 (Pacific Daylight Time): GET /img/profile.png
Fri Jun 30 2017 15:13:49 GMT-0700 (Pacific Daylight Time): GET /img/portfolio/cabin.png
Fri Jun 30 2017 15:13:49 GMT-0700 (Pacific Daylight Time): GET /img/portfolio/cake.png
Fri Jun 30 2017 15:13:49 GMT-0700 (Pacific Daylight Time): GET /img/portfolio/circus.png
Fri Jun 30 2017 15:13:49 GMT-0700 (Pacific Daylight Time): GET /img/portfolio/game.png
Fri Jun 30 2017 15:13:49 GMT-0700 (Pacific Daylight Time): GET /img/portfolio/safe.png
Fri Jun 30 2017 15:13:49 GMT-0700 (Pacific Daylight Time): GET /img/portfolio/submarine.png
Fri Jun 30 2017 15:13:49 GMT-0700 (Pacific Daylight Time): GET /vendor/bootstrap/js/bootstrap.min.js
Fri Jun 30 2017 15:13:49 GMT-0700 (Pacific Daylight Time): GET /js/jqBootstrapValidation.js
Fri Jun 30 2017 15:13:49 GMT-0700 (Pacific Daylight Time): GET /js/contact_me.js
Fri Jun 30 2017 15:13:49 GMT-0700 (Pacific Daylight Time): GET /js/freelancer.min.js
Fri Jun 30 2017 15:13:49 GMT-0700 (Pacific Daylight Time): GET /js/bootstrap.min.js
Fri Jun 30 2017 15:15:42 GMT-0700 (Pacific Daylight Time): GET /about
Fri Jun 30 2017 15:15:42 GMT-0700 (Pacific Daylight Time): GET /css/bootstrap.min.css
Fri Jun 30 2017 15:15:42 GMT-0700 (Pacific Daylight Time): GET /js/bootstrap.min.js
Fri Jun 30 2017 15:15:42 GMT-0700 (Pacific Daylight Time): GET /js/bootstrap.min.js
Fri Jun 30 2017 15:18:54 GMT-0700 (Pacific Daylight Time): GET /about
Fri Jun 30 2017 15:18:54 GMT-0700 (Pacific Daylight Time): GET /css/bootstrap.min.css
Fri Jun 30 2017 15:18:54 GMT-0700 (Pacific Daylight Time): GET /js/bootstrap.min.js
Fri Jun 30 2017 15:18:54 GMT-0700 (Pacific Daylight Time): GET /js/bootstrap.min.js
Fri Jun 30 2017 17:31:38 GMT-0700 (Pacific Daylight Time): GET /about
Fri Jun 30 2017 17:31:38 GMT-0700 (Pacific Daylight Time): GET /%E2%80%9D//ajax.googleapis.com/ajax/libs/jquery/1.11.1/jquery.min.js%E2%80%9D
Fri Jun 30 2017 17:31:38 GMT-0700 (Pacific Daylight Time): GET /%E2%80%9D//maxcdn.bootstrapcdn.com/bootstrap/3.3.1/js/bootstrap.min.js%E2%80%9D
Fri Jun 30 2017 17:31:38 GMT-0700 (Pacific Daylight Time): GET /js/bootstrap.min.js
Fri Jun 30 2017 17:31:38 GMT-0700 (Pacific Daylight Time): GET /js/bootstrap.min.js
Fri Jun 30 2017 17:33:37 GMT-0700 (Pacific Daylight Time): GET /about
Fri Jun 30 2017 17:33:37 GMT-0700 (Pacific Daylight Time): GET /%E2%80%9D//ajax.googleapis.com/ajax/libs/jquery/1.11.1/jquery.min.js%E2%80%9D
Fri Jun 30 2017 17:33:37 GMT-0700 (Pacific Daylight Time): GET /%E2%80%9D//maxcdn.bootstrapcdn.com/bootstrap/3.3.1/js/bootstrap.min.js%E2%80%9D
Fri Jun 30 2017 17:33:37 GMT-0700 (Pacific Daylight Time): GET /js/bootstrap.min.js
Fri Jun 30 2017 17:33:37 GMT-0700 (Pacific Daylight Time): GET /js/bootstrap.min.js
Fri Jun 30 2017 17:33:58 GMT-0700 (Pacific Daylight Time): GET /about
Fri Jun 30 2017 17:33:58 GMT-0700 (Pacific Daylight Time): GET /js/bootstrap.min.js
Fri Jun 30 2017 17:33:58 GMT-0700 (Pacific Daylight Time): GET /js/bootstrap.min.js
Fri Jun 30 2017 17:34:40 GMT-0700 (Pacific Daylight Time): GET /about
Fri Jun 30 2017 17:34:40 GMT-0700 (Pacific Daylight Time): GET /js/bootstrap.min.js
Fri Jun 30 2017 17:34:40 GMT-0700 (Pacific Daylight Time): GET /js/bootstrap.min.js
Fri Jun 30 2017 17:40:16 GMT-0700 (Pacific Daylight Time): GET /about
Fri Jun 30 2017 17:40:16 GMT-0700 (Pacific Daylight Time): GET /vendor/bootstrap/css/bootstrap.min.css
Fri Jun 30 2017 17:40:16 GMT-0700 (Pacific Daylight Time): GET /css/freelancer.min.css
Fri Jun 30 2017 17:40:16 GMT-0700 (Pacific Daylight Time): GET /vendor/font-awesome/css/font-awesome.min.css
Fri Jun 30 2017 17:40:16 GMT-0700 (Pacific Daylight Time): GET /js/bootstrap.min.js
Fri Jun 30 2017 17:40:16 GMT-0700 (Pacific Daylight Time): GET /favicon.ico
Fri Jun 30 2017 17:40:16 GMT-0700 (Pacific Daylight Time): GET /js/bootstrap.min.js
Fri Jun 30 2017 17:41:52 GMT-0700 (Pacific Daylight Time): GET /about
Fri Jun 30 2017 17:41:52 GMT-0700 (Pacific Daylight Time): GET /vendor/bootstrap/css/bootstrap.min.css
Fri Jun 30 2017 17:41:52 GMT-0700 (Pacific Daylight Time): GET /css/freelancer.min.css
Fri Jun 30 2017 17:41:52 GMT-0700 (Pacific Daylight Time): GET /js/bootstrap.min.js
Fri Jun 30 2017 17:41:52 GMT-0700 (Pacific Daylight Time): GET /vendor/font-awesome/css/font-awesome.min.css
Fri Jun 30 2017 17:41:52 GMT-0700 (Pacific Daylight Time): GET /js/bootstrap.min.js
Fri Jun 30 2017 17:43:16 GMT-0700 (Pacific Daylight Time): GET /about
Fri Jun 30 2017 17:43:17 GMT-0700 (Pacific Daylight Time): GET /vendor/bootstrap/css/bootstrap.min.css
Fri Jun 30 2017 17:43:17 GMT-0700 (Pacific Daylight Time): GET /css/freelancer.min.css
Fri Jun 30 2017 17:43:17 GMT-0700 (Pacific Daylight Time): GET /vendor/font-awesome/css/font-awesome.min.css
Fri Jun 30 2017 17:43:17 GMT-0700 (Pacific Daylight Time): GET /js/bootstrap.min.js
Fri Jun 30 2017 17:43:17 GMT-0700 (Pacific Daylight Time): GET /js/bootstrap.min.js
Fri Jun 30 2017 17:48:15 GMT-0700 (Pacific Daylight Time): GET /about
Fri Jun 30 2017 17:48:15 GMT-0700 (Pacific Daylight Time): GET /vendor/bootstrap/css/bootstrap.min.css
Fri Jun 30 2017 17:48:15 GMT-0700 (Pacific Daylight Time): GET /vendor/font-awesome/css/font-awesome.min.css
Fri Jun 30 2017 17:48:15 GMT-0700 (Pacific Daylight Time): GET /css/freelancer.min.css
Fri Jun 30 2017 17:48:15 GMT-0700 (Pacific Daylight Time): GET /js/bootstrap.min.js
Fri Jun 30 2017 17:48:15 GMT-0700 (Pacific Daylight Time): GET /js/bootstrap.min.js
Fri Jun 30 2017 17:49:45 GMT-0700 (Pacific Daylight Time): GET /about
Fri Jun 30 2017 17:49:45 GMT-0700 (Pacific Daylight Time): GET /js/bootstrap.min.js
Fri Jun 30 2017 17:49:45 GMT-0700 (Pacific Daylight Time): GET /vendor/bootstrap/css/bootstrap.min.css
Fri Jun 30 2017 17:49:45 GMT-0700 (Pacific Daylight Time): GET /css/freelancer.min.css
Fri Jun 30 2017 17:49:45 GMT-0700 (Pacific Daylight Time): GET /vendor/font-awesome/css/font-awesome.min.css
Fri Jun 30 2017 17:49:45 GMT-0700 (Pacific Daylight Time): GET /js/bootstrap.min.js
Fri Jun 30 2017 17:50:48 GMT-0700 (Pacific Daylight Time): GET /about
Fri Jun 30 2017 17:50:48 GMT-0700 (Pacific Daylight Time): GET /vendor/bootstrap/css/bootstrap.min.css
Fri Jun 30 2017 17:50:48 GMT-0700 (Pacific Daylight Time): GET /css/freelancer.min.css
Fri Jun 30 2017 17:50:48 GMT-0700 (Pacific Daylight Time): GET /vendor/font-awesome/css/font-awesome.min.css
Fri Jun 30 2017 17:50:48 GMT-0700 (Pacific Daylight Time): GET /js/bootstrap.min.js
Fri Jun 30 2017 17:50:48 GMT-0700 (Pacific Daylight Time): GET /js/bootstrap.min.js
Fri Jun 30 2017 17:52:52 GMT-0700 (Pacific Daylight Time): GET /about
Fri Jun 30 2017 17:52:52 GMT-0700 (Pacific Daylight Time): GET /vendor/bootstrap/css/bootstrap.min.css
Fri Jun 30 2017 17:52:52 GMT-0700 (Pacific Daylight Time): GET /css/freelancer.min.css
Fri Jun 30 2017 17:52:52 GMT-0700 (Pacific Daylight Time): GET /vendor/jquery/jquery.min.js
Fri Jun 30 2017 17:52:52 GMT-0700 (Pacific Daylight Time): GET /vendor/font-awesome/css/font-awesome.min.css
Fri Jun 30 2017 17:52:52 GMT-0700 (Pacific Daylight Time): GET /js/jqBootstrapValidation.js
Fri Jun 30 2017 17:52:52 GMT-0700 (Pacific Daylight Time): GET /vendor/bootstrap/js/bootstrap.min.js
Fri Jun 30 2017 17:52:52 GMT-0700 (Pacific Daylight Time): GET /js/contact_me.js
Fri Jun 30 2017 17:52:52 GMT-0700 (Pacific Daylight Time): GET /js/freelancer.min.js
Fri Jun 30 2017 17:53:06 GMT-0700 (Pacific Daylight Time): GET /about
Fri Jun 30 2017 17:53:06 GMT-0700 (Pacific Daylight Time): GET /vendor/jquery/jquery.min.js
Fri Jun 30 2017 17:53:06 GMT-0700 (Pacific Daylight Time): GET /js/jqBootstrapValidation.js
Fri Jun 30 2017 17:53:06 GMT-0700 (Pacific Daylight Time): GET /js/contact_me.js
Fri Jun 30 2017 17:53:06 GMT-0700 (Pacific Daylight Time): GET /js/freelancer.min.js
Fri Jun 30 2017 17:53:06 GMT-0700 (Pacific Daylight Time): GET /vendor/bootstrap/css/bootstrap.min.css
Fri Jun 30 2017 17:53:06 GMT-0700 (Pacific Daylight Time): GET /css/freelancer.min.css
Fri Jun 30 2017 17:53:06 GMT-0700 (Pacific Daylight Time): GET /vendor/font-awesome/css/font-awesome.min.css
Fri Jun 30 2017 17:53:06 GMT-0700 (Pacific Daylight Time): GET /vendor/bootstrap/js/bootstrap.min.js
Fri Jun 30 2017 17:53:07 GMT-0700 (Pacific Daylight Time): GET /about
Fri Jun 30 2017 17:53:07 GMT-0700 (Pacific Daylight Time): GET /vendor/bootstrap/css/bootstrap.min.css
Fri Jun 30 2017 17:53:07 GMT-0700 (Pacific Daylight Time): GET /css/freelancer.min.css
Fri Jun 30 2017 17:53:07 GMT-0700 (Pacific Daylight Time): GET /vendor/font-awesome/css/font-awesome.min.css
Fri Jun 30 2017 17:53:07 GMT-0700 (Pacific Daylight Time): GET /vendor/jquery/jquery.min.js
Fri Jun 30 2017 17:53:07 GMT-0700 (Pacific Daylight Time): GET /vendor/bootstrap/js/bootstrap.min.js
Fri Jun 30 2017 17:53:07 GMT-0700 (Pacific Daylight Time): GET /js/jqBootstrapValidation.js
Fri Jun 30 2017 17:53:07 GMT-0700 (Pacific Daylight Time): GET /js/contact_me.js
Fri Jun 30 2017 17:53:07 GMT-0700 (Pacific Daylight Time): GET /js/freelancer.min.js
Fri Jun 30 2017 17:57:13 GMT-0700 (Pacific Daylight Time): GET /about
Fri Jun 30 2017 17:57:13 GMT-0700 (Pacific Daylight Time): GET /vendor/bootstrap/css/bootstrap.min.css
Fri Jun 30 2017 17:57:13 GMT-0700 (Pacific Daylight Time): GET /css/freelancer.min.css
Fri Jun 30 2017 17:57:13 GMT-0700 (Pacific Daylight Time): GET /vendor/font-awesome/css/font-awesome.min.css
Fri Jun 30 2017 17:57:13 GMT-0700 (Pacific Daylight Time): GET /vendor/jquery/jquery.min.js
Fri Jun 30 2017 17:57:13 GMT-0700 (Pacific Daylight Time): GET /vendor/bootstrap/js/bootstrap.min.js
Fri Jun 30 2017 17:57:13 GMT-0700 (Pacific Daylight Time): GET /js/jqBootstrapValidation.js
Fri Jun 30 2017 17:57:13 GMT-0700 (Pacific Daylight Time): GET /js/contact_me.js
Fri Jun 30 2017 17:57:13 GMT-0700 (Pacific Daylight Time): GET /js/freelancer.min.js
Fri Jun 30 2017 17:57:13 GMT-0700 (Pacific Daylight Time): GET /img/profile.png
Fri Jun 30 2017 17:57:13 GMT-0700 (Pacific Daylight Time): GET /img/portfolio/cabin.png
Fri Jun 30 2017 17:57:13 GMT-0700 (Pacific Daylight Time): GET /img/portfolio/cake.png
Fri Jun 30 2017 17:57:13 GMT-0700 (Pacific Daylight Time): GET /img/portfolio/circus.png
Fri Jun 30 2017 17:57:13 GMT-0700 (Pacific Daylight Time): GET /img/portfolio/game.png
Fri Jun 30 2017 17:57:13 GMT-0700 (Pacific Daylight Time): GET /img/portfolio/safe.png
Fri Jun 30 2017 17:57:13 GMT-0700 (Pacific Daylight Time): GET /img/portfolio/submarine.png
Fri Jun 30 2017 17:57:13 GMT-0700 (Pacific Daylight Time): GET /vendor/font-awesome/fonts/fontawesome-webfont.woff2?v=4.6.3
Fri Jun 30 2017 17:57:13 GMT-0700 (Pacific Daylight Time): GET /favicon.ico
Fri Jun 30 2017 17:57:13 GMT-0700 (Pacific Daylight Time): GET /favicon.ico
Fri Jun 30 2017 18:10:40 GMT-0700 (Pacific Daylight Time): GET /about
Fri Jun 30 2017 18:10:40 GMT-0700 (Pacific Daylight Time): GET /vendor/bootstrap/css/bootstrap.min.css
Fri Jun 30 2017 18:10:40 GMT-0700 (Pacific Daylight Time): GET /css/freelancer.min.css
Fri Jun 30 2017 18:10:40 GMT-0700 (Pacific Daylight Time): GET /vendor/font-awesome/css/font-awesome.min.css
Fri Jun 30 2017 18:10:40 GMT-0700 (Pacific Daylight Time): GET /vendor/jquery/jquery.min.js
Fri Jun 30 2017 18:10:40 GMT-0700 (Pacific Daylight Time): GET /vendor/bootstrap/js/bootstrap.min.js
Fri Jun 30 2017 18:10:40 GMT-0700 (Pacific Daylight Time): GET /js/jqBootstrapValidation.js
Fri Jun 30 2017 18:10:40 GMT-0700 (Pacific Daylight Time): GET /js/contact_me.js
Fri Jun 30 2017 18:10:40 GMT-0700 (Pacific Daylight Time): GET /js/freelancer.min.js
Fri Jun 30 2017 18:10:40 GMT-0700 (Pacific Daylight Time): GET /img/profile.png
Fri Jun 30 2017 18:10:40 GMT-0700 (Pacific Daylight Time): GET /img/portfolio/cabin.png
Fri Jun 30 2017 18:10:40 GMT-0700 (Pacific Daylight Time): GET /img/portfolio/cake.png
Fri Jun 30 2017 18:10:40 GMT-0700 (Pacific Daylight Time): GET /img/portfolio/circus.png
Fri Jun 30 2017 18:10:40 GMT-0700 (Pacific Daylight Time): GET /img/portfolio/game.png
Fri Jun 30 2017 18:10:40 GMT-0700 (Pacific Daylight Time): GET /img/portfolio/safe.png
Fri Jun 30 2017 18:10:40 GMT-0700 (Pacific Daylight Time): GET /img/portfolio/submarine.png
Fri Jun 30 2017 18:12:09 GMT-0700 (Pacific Daylight Time): GET /about
Fri Jun 30 2017 18:12:09 GMT-0700 (Pacific Daylight Time): GET /vendor/bootstrap/css/bootstrap.min.css
Fri Jun 30 2017 18:12:09 GMT-0700 (Pacific Daylight Time): GET /css/freelancer.min.css
Fri Jun 30 2017 18:12:09 GMT-0700 (Pacific Daylight Time): GET /vendor/font-awesome/css/font-awesome.min.css
Fri Jun 30 2017 18:12:09 GMT-0700 (Pacific Daylight Time): GET /vendor/jquery/jquery.min.js
Fri Jun 30 2017 18:12:09 GMT-0700 (Pacific Daylight Time): GET /vendor/bootstrap/js/bootstrap.min.js
Fri Jun 30 2017 18:12:09 GMT-0700 (Pacific Daylight Time): GET /js/jqBootstrapValidation.js
Fri Jun 30 2017 18:12:09 GMT-0700 (Pacific Daylight Time): GET /js/contact_me.js
Fri Jun 30 2017 18:12:09 GMT-0700 (Pacific Daylight Time): GET /js/freelancer.min.js
Fri Jun 30 2017 18:12:09 GMT-0700 (Pacific Daylight Time): GET /img/profile.png
Fri Jun 30 2017 18:12:09 GMT-0700 (Pacific Daylight Time): GET /img/portfolio/cabin.png
Fri Jun 30 2017 18:12:09 GMT-0700 (Pacific Daylight Time): GET /img/portfolio/cake.png
Fri Jun 30 2017 18:12:09 GMT-0700 (Pacific Daylight Time): GET /img/portfolio/circus.png
Fri Jun 30 2017 18:12:09 GMT-0700 (Pacific Daylight Time): GET /img/portfolio/game.png
Fri Jun 30 2017 18:12:09 GMT-0700 (Pacific Daylight Time): GET /img/portfolio/safe.png
Fri Jun 30 2017 18:12:09 GMT-0700 (Pacific Daylight Time): GET /img/portfolio/submarine.png
Fri Jun 30 2017 18:16:30 GMT-0700 (Pacific Daylight Time): GET /vendor/bootstrap/css/bootstrap.min.css.map
Fri Jun 30 2017 18:19:54 GMT-0700 (Pacific Daylight Time): GET /about
Fri Jun 30 2017 18:19:54 GMT-0700 (Pacific Daylight Time): GET /vendor/bootstrap/css/bootstrap.min.css
Fri Jun 30 2017 18:19:54 GMT-0700 (Pacific Daylight Time): GET /css/freelancer.min.css
Fri Jun 30 2017 18:19:54 GMT-0700 (Pacific Daylight Time): GET /vendor/font-awesome/css/font-awesome.min.css
Fri Jun 30 2017 18:19:54 GMT-0700 (Pacific Daylight Time): GET /vendor/jquery/jquery.min.js
Fri Jun 30 2017 18:19:54 GMT-0700 (Pacific Daylight Time): GET /js/jqBootstrapValidation.js
Fri Jun 30 2017 18:19:54 GMT-0700 (Pacific Daylight Time): GET /vendor/bootstrap/js/bootstrap.min.js
Fri Jun 30 2017 18:19:54 GMT-0700 (Pacific Daylight Time): GET /js/contact_me.js
Fri Jun 30 2017 18:19:54 GMT-0700 (Pacific Daylight Time): GET /js/freelancer.min.js
Fri Jun 30 2017 18:19:54 GMT-0700 (Pacific Daylight Time): GET /img/profile.png
Fri Jun 30 2017 18:19:54 GMT-0700 (Pacific Daylight Time): GET /img/portfolio/cabin.png
Fri Jun 30 2017 18:19:54 GMT-0700 (Pacific Daylight Time): GET /img/portfolio/cake.png
Fri Jun 30 2017 18:19:54 GMT-0700 (Pacific Daylight Time): GET /img/portfolio/circus.png
Fri Jun 30 2017 18:19:54 GMT-0700 (Pacific Daylight Time): GET /img/portfolio/game.png
Fri Jun 30 2017 18:19:54 GMT-0700 (Pacific Daylight Time): GET /img/portfolio/safe.png
Fri Jun 30 2017 18:19:54 GMT-0700 (Pacific Daylight Time): GET /img/portfolio/submarine.png
Fri Jun 30 2017 18:20:25 GMT-0700 (Pacific Daylight Time): GET /about
Fri Jun 30 2017 18:20:25 GMT-0700 (Pacific Daylight Time): GET /vendor/bootstrap/css/bootstrap.min.css
Fri Jun 30 2017 18:20:25 GMT-0700 (Pacific Daylight Time): GET /css/freelancer.min.css
Fri Jun 30 2017 18:20:25 GMT-0700 (Pacific Daylight Time): GET /vendor/font-awesome/css/font-awesome.min.css
Fri Jun 30 2017 18:20:25 GMT-0700 (Pacific Daylight Time): GET /vendor/bootstrap/js/bootstrap.min.js
Fri Jun 30 2017 18:20:25 GMT-0700 (Pacific Daylight Time): GET /vendor/jquery/jquery.min.js
Fri Jun 30 2017 18:20:25 GMT-0700 (Pacific Daylight Time): GET /js/jqBootstrapValidation.js
Fri Jun 30 2017 18:20:25 GMT-0700 (Pacific Daylight Time): GET /js/contact_me.js
Fri Jun 30 2017 18:20:25 GMT-0700 (Pacific Daylight Time): GET /js/freelancer.min.js
Fri Jun 30 2017 18:20:25 GMT-0700 (Pacific Daylight Time): GET /img/profile.png
Fri Jun 30 2017 18:20:25 GMT-0700 (Pacific Daylight Time): GET /img/portfolio/cabin.png
Fri Jun 30 2017 18:20:25 GMT-0700 (Pacific Daylight Time): GET /img/portfolio/cake.png
Fri Jun 30 2017 18:20:25 GMT-0700 (Pacific Daylight Time): GET /img/portfolio/circus.png
Fri Jun 30 2017 18:20:25 GMT-0700 (Pacific Daylight Time): GET /img/portfolio/game.png
Fri Jun 30 2017 18:20:25 GMT-0700 (Pacific Daylight Time): GET /img/portfolio/safe.png
Fri Jun 30 2017 18:20:25 GMT-0700 (Pacific Daylight Time): GET /img/portfolio/submarine.png
Fri Jun 30 2017 18:21:41 GMT-0700 (Pacific Daylight Time): GET /about
Fri Jun 30 2017 18:21:41 GMT-0700 (Pacific Daylight Time): GET /vendor/bootstrap/css/bootstrap.min.css
Fri Jun 30 2017 18:21:41 GMT-0700 (Pacific Daylight Time): GET /css/freelancer.min.css
Fri Jun 30 2017 18:21:41 GMT-0700 (Pacific Daylight Time): GET /vendor/font-awesome/css/font-awesome.min.css
Fri Jun 30 2017 18:21:41 GMT-0700 (Pacific Daylight Time): GET /vendor/jquery/jquery.min.js
Fri Jun 30 2017 18:21:41 GMT-0700 (Pacific Daylight Time): GET /js/jqBootstrapValidation.js
Fri Jun 30 2017 18:21:41 GMT-0700 (Pacific Daylight Time): GET /vendor/bootstrap/js/bootstrap.min.js
Fri Jun 30 2017 18:21:41 GMT-0700 (Pacific Daylight Time): GET /js/contact_me.js
Fri Jun 30 2017 18:21:41 GMT-0700 (Pacific Daylight Time): GET /js/freelancer.min.js
Fri Jun 30 2017 18:21:41 GMT-0700 (Pacific Daylight Time): GET /img/profile.png
Fri Jun 30 2017 18:21:41 GMT-0700 (Pacific Daylight Time): GET /img/portfolio/cabin.png
Fri Jun 30 2017 18:21:41 GMT-0700 (Pacific Daylight Time): GET /img/portfolio/cake.png
Fri Jun 30 2017 18:21:41 GMT-0700 (Pacific Daylight Time): GET /img/portfolio/circus.png
Fri Jun 30 2017 18:21:41 GMT-0700 (Pacific Daylight Time): GET /img/portfolio/game.png
Fri Jun 30 2017 18:21:41 GMT-0700 (Pacific Daylight Time): GET /img/portfolio/safe.png
Fri Jun 30 2017 18:21:41 GMT-0700 (Pacific Daylight Time): GET /img/portfolio/submarine.png
Fri Jun 30 2017 18:22:35 GMT-0700 (Pacific Daylight Time): GET /about
Fri Jun 30 2017 18:22:36 GMT-0700 (Pacific Daylight Time): GET /vendor/bootstrap/css/bootstrap.min.css
Fri Jun 30 2017 18:22:36 GMT-0700 (Pacific Daylight Time): GET /css/freelancer.min.css
Fri Jun 30 2017 18:22:36 GMT-0700 (Pacific Daylight Time): GET /vendor/font-awesome/css/font-awesome.min.css
Fri Jun 30 2017 18:22:36 GMT-0700 (Pacific Daylight Time): GET /vendor/jquery/jquery.min.js
Fri Jun 30 2017 18:22:36 GMT-0700 (Pacific Daylight Time): GET /vendor/bootstrap/js/bootstrap.min.js
Fri Jun 30 2017 18:22:36 GMT-0700 (Pacific Daylight Time): GET /js/jqBootstrapValidation.js
Fri Jun 30 2017 18:22:36 GMT-0700 (Pacific Daylight Time): GET /js/contact_me.js
Fri Jun 30 2017 18:22:36 GMT-0700 (Pacific Daylight Time): GET /js/freelancer.min.js
Fri Jun 30 2017 18:22:36 GMT-0700 (Pacific Daylight Time): GET /img/profile.png
Fri Jun 30 2017 18:22:36 GMT-0700 (Pacific Daylight Time): GET /img/portfolio/cabin.png
Fri Jun 30 2017 18:22:36 GMT-0700 (Pacific Daylight Time): GET /img/portfolio/cake.png
Fri Jun 30 2017 18:22:36 GMT-0700 (Pacific Daylight Time): GET /img/portfolio/circus.png
Fri Jun 30 2017 18:22:36 GMT-0700 (Pacific Daylight Time): GET /img/portfolio/game.png
Fri Jun 30 2017 18:22:36 GMT-0700 (Pacific Daylight Time): GET /img/portfolio/safe.png
Fri Jun 30 2017 18:22:36 GMT-0700 (Pacific Daylight Time): GET /img/portfolio/submarine.png
Fri Jun 30 2017 18:23:31 GMT-0700 (Pacific Daylight Time): GET /about
Fri Jun 30 2017 18:23:31 GMT-0700 (Pacific Daylight Time): GET /vendor/bootstrap/css/bootstrap.min.css
Fri Jun 30 2017 18:23:31 GMT-0700 (Pacific Daylight Time): GET /css/freelancer.min.css
Fri Jun 30 2017 18:23:31 GMT-0700 (Pacific Daylight Time): GET /vendor/font-awesome/css/font-awesome.min.css
Fri Jun 30 2017 18:23:31 GMT-0700 (Pacific Daylight Time): GET /vendor/jquery/jquery.min.js
Fri Jun 30 2017 18:23:31 GMT-0700 (Pacific Daylight Time): GET /vendor/bootstrap/js/bootstrap.min.js
Fri Jun 30 2017 18:23:31 GMT-0700 (Pacific Daylight Time): GET /js/jqBootstrapValidation.js
Fri Jun 30 2017 18:23:31 GMT-0700 (Pacific Daylight Time): GET /js/contact_me.js
Fri Jun 30 2017 18:23:31 GMT-0700 (Pacific Daylight Time): GET /js/freelancer.min.js
Fri Jun 30 2017 18:23:31 GMT-0700 (Pacific Daylight Time): GET /img/profile.png
Fri Jun 30 2017 18:23:31 GMT-0700 (Pacific Daylight Time): GET /img/portfolio/cabin.png
Fri Jun 30 2017 18:23:31 GMT-0700 (Pacific Daylight Time): GET /img/portfolio/cake.png
Fri Jun 30 2017 18:23:31 GMT-0700 (Pacific Daylight Time): GET /img/portfolio/circus.png
Fri Jun 30 2017 18:23:31 GMT-0700 (Pacific Daylight Time): GET /img/portfolio/game.png
Fri Jun 30 2017 18:23:31 GMT-0700 (Pacific Daylight Time): GET /img/portfolio/safe.png
Fri Jun 30 2017 18:23:31 GMT-0700 (Pacific Daylight Time): GET /img/portfolio/submarine.png
Fri Jun 30 2017 18:25:34 GMT-0700 (Pacific Daylight Time): GET /about
Fri Jun 30 2017 18:25:34 GMT-0700 (Pacific Daylight Time): GET /vendor/bootstrap/css/bootstrap.min.css
Fri Jun 30 2017 18:25:34 GMT-0700 (Pacific Daylight Time): GET /css/freelancer.min.css
Fri Jun 30 2017 18:25:34 GMT-0700 (Pacific Daylight Time): GET /vendor/font-awesome/css/font-awesome.min.css
Fri Jun 30 2017 18:25:34 GMT-0700 (Pacific Daylight Time): GET /vendor/bootstrap/js/bootstrap.min.js
Fri Jun 30 2017 18:25:34 GMT-0700 (Pacific Daylight Time): GET /vendor/jquery/jquery.min.js
Fri Jun 30 2017 18:25:34 GMT-0700 (Pacific Daylight Time): GET /js/jqBootstrapValidation.js
Fri Jun 30 2017 18:25:34 GMT-0700 (Pacific Daylight Time): GET /js/contact_me.js
Fri Jun 30 2017 18:25:34 GMT-0700 (Pacific Daylight Time): GET /js/freelancer.min.js
Fri Jun 30 2017 18:25:34 GMT-0700 (Pacific Daylight Time): GET /img/profile.png
Fri Jun 30 2017 18:25:34 GMT-0700 (Pacific Daylight Time): GET /img/portfolio/cabin.png
Fri Jun 30 2017 18:25:34 GMT-0700 (Pacific Daylight Time): GET /img/portfolio/cake.png
Fri Jun 30 2017 18:25:34 GMT-0700 (Pacific Daylight Time): GET /img/portfolio/circus.png
Fri Jun 30 2017 18:25:35 GMT-0700 (Pacific Daylight Time): GET /img/portfolio/game.png
Fri Jun 30 2017 18:25:35 GMT-0700 (Pacific Daylight Time): GET /img/portfolio/safe.png
Fri Jun 30 2017 18:25:35 GMT-0700 (Pacific Daylight Time): GET /img/portfolio/submarine.png
Fri Jun 30 2017 18:35:04 GMT-0700 (Pacific Daylight Time): GET /about
Fri Jun 30 2017 18:35:04 GMT-0700 (Pacific Daylight Time): GET /vendor/bootstrap/css/bootstrap.min.css
Fri Jun 30 2017 18:35:04 GMT-0700 (Pacific Daylight Time): GET /css/freelancer.min.css
Fri Jun 30 2017 18:35:04 GMT-0700 (Pacific Daylight Time): GET /vendor/font-awesome/css/font-awesome.min.css
Fri Jun 30 2017 18:35:04 GMT-0700 (Pacific Daylight Time): GET /vendor/jquery/jquery.min.js
Fri Jun 30 2017 18:35:04 GMT-0700 (Pacific Daylight Time): GET /vendor/bootstrap/js/bootstrap.min.js
Fri Jun 30 2017 18:35:04 GMT-0700 (Pacific Daylight Time): GET /js/jqBootstrapValidation.js
Fri Jun 30 2017 18:35:04 GMT-0700 (Pacific Daylight Time): GET /js/contact_me.js
Fri Jun 30 2017 18:35:04 GMT-0700 (Pacific Daylight Time): GET /js/freelancer.min.js
Fri Jun 30 2017 18:35:04 GMT-0700 (Pacific Daylight Time): GET /img/profile.png
Fri Jun 30 2017 18:35:04 GMT-0700 (Pacific Daylight Time): GET /img/portfolio/cabin.png
Fri Jun 30 2017 18:35:04 GMT-0700 (Pacific Daylight Time): GET /img/portfolio/cake.png
Fri Jun 30 2017 18:35:04 GMT-0700 (Pacific Daylight Time): GET /img/portfolio/circus.png
Fri Jun 30 2017 18:35:04 GMT-0700 (Pacific Daylight Time): GET /img/portfolio/game.png
Fri Jun 30 2017 18:35:04 GMT-0700 (Pacific Daylight Time): GET /img/portfolio/safe.png
Fri Jun 30 2017 18:35:04 GMT-0700 (Pacific Daylight Time): GET /img/portfolio/submarine.png
Fri Jun 30 2017 18:35:04 GMT-0700 (Pacific Daylight Time): GET /vendor/font-awesome/fonts/fontawesome-webfont.woff2?v=4.6.3
Fri Jun 30 2017 18:36:38 GMT-0700 (Pacific Daylight Time): GET /about
Fri Jun 30 2017 18:36:38 GMT-0700 (Pacific Daylight Time): GET /vendor/bootstrap/css/bootstrap.min.css
Fri Jun 30 2017 18:36:38 GMT-0700 (Pacific Daylight Time): GET /css/freelancer.min.css
Fri Jun 30 2017 18:36:38 GMT-0700 (Pacific Daylight Time): GET /vendor/font-awesome/css/font-awesome.min.css
Fri Jun 30 2017 18:36:38 GMT-0700 (Pacific Daylight Time): GET /vendor/jquery/jquery.min.js
Fri Jun 30 2017 18:36:38 GMT-0700 (Pacific Daylight Time): GET /vendor/bootstrap/js/bootstrap.min.js
Fri Jun 30 2017 18:36:38 GMT-0700 (Pacific Daylight Time): GET /js/jqBootstrapValidation.js
Fri Jun 30 2017 18:36:38 GMT-0700 (Pacific Daylight Time): GET /js/contact_me.js
Fri Jun 30 2017 18:36:38 GMT-0700 (Pacific Daylight Time): GET /js/freelancer.min.js
Fri Jun 30 2017 18:36:38 GMT-0700 (Pacific Daylight Time): GET /img/profile.png
Fri Jun 30 2017 18:36:38 GMT-0700 (Pacific Daylight Time): GET /img/portfolio/cabin.png
Fri Jun 30 2017 18:36:38 GMT-0700 (Pacific Daylight Time): GET /img/portfolio/cake.png
Fri Jun 30 2017 18:36:38 GMT-0700 (Pacific Daylight Time): GET /img/portfolio/circus.png
Fri Jun 30 2017 18:36:38 GMT-0700 (Pacific Daylight Time): GET /img/portfolio/game.png
Fri Jun 30 2017 18:36:38 GMT-0700 (Pacific Daylight Time): GET /img/portfolio/safe.png
Fri Jun 30 2017 18:36:38 GMT-0700 (Pacific Daylight Time): GET /img/portfolio/submarine.png
Fri Jun 30 2017 18:40:20 GMT-0700 (Pacific Daylight Time): GET /about
Fri Jun 30 2017 18:40:20 GMT-0700 (Pacific Daylight Time): GET /vendor/bootstrap/css/bootstrap.min.css
Fri Jun 30 2017 18:40:20 GMT-0700 (Pacific Daylight Time): GET /css/freelancer.min.css
Fri Jun 30 2017 18:40:20 GMT-0700 (Pacific Daylight Time): GET /vendor/font-awesome/css/font-awesome.min.css
Fri Jun 30 2017 18:40:20 GMT-0700 (Pacific Daylight Time): GET /vendor/jquery/jquery.min.js
Fri Jun 30 2017 18:40:20 GMT-0700 (Pacific Daylight Time): GET /js/jqBootstrapValidation.js
Fri Jun 30 2017 18:40:20 GMT-0700 (Pacific Daylight Time): GET /vendor/bootstrap/js/bootstrap.min.js
Fri Jun 30 2017 18:40:20 GMT-0700 (Pacific Daylight Time): GET /js/contact_me.js
Fri Jun 30 2017 18:40:20 GMT-0700 (Pacific Daylight Time): GET /js/freelancer.min.js
Fri Jun 30 2017 18:40:20 GMT-0700 (Pacific Daylight Time): GET /img/profile.png
Fri Jun 30 2017 18:40:20 GMT-0700 (Pacific Daylight Time): GET /img/portfolio/cabin.png
Fri Jun 30 2017 18:40:20 GMT-0700 (Pacific Daylight Time): GET /img/portfolio/cake.png
Fri Jun 30 2017 18:40:20 GMT-0700 (Pacific Daylight Time): GET /img/portfolio/circus.png
Fri Jun 30 2017 18:40:20 GMT-0700 (Pacific Daylight Time): GET /img/portfolio/game.png
Fri Jun 30 2017 18:40:20 GMT-0700 (Pacific Daylight Time): GET /img/portfolio/safe.png
Fri Jun 30 2017 18:40:20 GMT-0700 (Pacific Daylight Time): GET /img/portfolio/submarine.png
Fri Jun 30 2017 18:40:45 GMT-0700 (Pacific Daylight Time): GET /about
Fri Jun 30 2017 18:40:45 GMT-0700 (Pacific Daylight Time): GET /vendor/bootstrap/css/bootstrap.min.css
Fri Jun 30 2017 18:40:45 GMT-0700 (Pacific Daylight Time): GET /css/freelancer.min.css
Fri Jun 30 2017 18:40:45 GMT-0700 (Pacific Daylight Time): GET /vendor/font-awesome/css/font-awesome.min.css
Fri Jun 30 2017 18:40:45 GMT-0700 (Pacific Daylight Time): GET /vendor/jquery/jquery.min.js
Fri Jun 30 2017 18:40:45 GMT-0700 (Pacific Daylight Time): GET /vendor/bootstrap/js/bootstrap.min.js
Fri Jun 30 2017 18:40:45 GMT-0700 (Pacific Daylight Time): GET /js/jqBootstrapValidation.js
Fri Jun 30 2017 18:40:45 GMT-0700 (Pacific Daylight Time): GET /js/contact_me.js
Fri Jun 30 2017 18:40:45 GMT-0700 (Pacific Daylight Time): GET /js/freelancer.min.js
Fri Jun 30 2017 18:40:45 GMT-0700 (Pacific Daylight Time): GET /img/profile.png
Fri Jun 30 2017 18:40:45 GMT-0700 (Pacific Daylight Time): GET /img/portfolio/cabin.png
Fri Jun 30 2017 18:40:45 GMT-0700 (Pacific Daylight Time): GET /img/portfolio/cake.png
Fri Jun 30 2017 18:40:45 GMT-0700 (Pacific Daylight Time): GET /img/portfolio/circus.png
Fri Jun 30 2017 18:40:45 GMT-0700 (Pacific Daylight Time): GET /img/portfolio/game.png
Fri Jun 30 2017 18:40:45 GMT-0700 (Pacific Daylight Time): GET /img/portfolio/safe.png
Fri Jun 30 2017 18:40:45 GMT-0700 (Pacific Daylight Time): GET /img/portfolio/submarine.png
Fri Jun 30 2017 18:42:09 GMT-0700 (Pacific Daylight Time): GET /about
Fri Jun 30 2017 18:42:09 GMT-0700 (Pacific Daylight Time): GET /vendor/bootstrap/css/bootstrap.min.css
Fri Jun 30 2017 18:42:09 GMT-0700 (Pacific Daylight Time): GET /css/freelancer.min.css
Fri Jun 30 2017 18:42:10 GMT-0700 (Pacific Daylight Time): GET /vendor/font-awesome/css/font-awesome.min.css
Fri Jun 30 2017 18:42:10 GMT-0700 (Pacific Daylight Time): GET /vendor/jquery/jquery.min.js
Fri Jun 30 2017 18:42:10 GMT-0700 (Pacific Daylight Time): GET /js/jqBootstrapValidation.js
Fri Jun 30 2017 18:42:10 GMT-0700 (Pacific Daylight Time): GET /vendor/bootstrap/js/bootstrap.min.js
Fri Jun 30 2017 18:42:10 GMT-0700 (Pacific Daylight Time): GET /js/contact_me.js
Fri Jun 30 2017 18:42:10 GMT-0700 (Pacific Daylight Time): GET /js/freelancer.min.js
Fri Jun 30 2017 18:42:10 GMT-0700 (Pacific Daylight Time): GET /img/profile.png
Fri Jun 30 2017 18:42:10 GMT-0700 (Pacific Daylight Time): GET /img/portfolio/cabin.png
Fri Jun 30 2017 18:42:10 GMT-0700 (Pacific Daylight Time): GET /img/portfolio/cake.png
Fri Jun 30 2017 18:42:10 GMT-0700 (Pacific Daylight Time): GET /img/portfolio/circus.png
Fri Jun 30 2017 18:42:10 GMT-0700 (Pacific Daylight Time): GET /img/portfolio/game.png
Fri Jun 30 2017 18:42:10 GMT-0700 (Pacific Daylight Time): GET /img/portfolio/safe.png
Fri Jun 30 2017 18:42:10 GMT-0700 (Pacific Daylight Time): GET /img/portfolio/submarine.png
Fri Jun 30 2017 18:42:39 GMT-0700 (Pacific Daylight Time): GET /vendor/bootstrap/css/bootstrap.min.css.map
Fri Jun 30 2017 18:43:50 GMT-0700 (Pacific Daylight Time): GET /about
Fri Jun 30 2017 18:43:50 GMT-0700 (Pacific Daylight Time): GET /vendor/bootstrap/css/bootstrap.min.css
Fri Jun 30 2017 18:43:50 GMT-0700 (Pacific Daylight Time): GET /css/freelancer.min.css
Fri Jun 30 2017 18:43:50 GMT-0700 (Pacific Daylight Time): GET /vendor/font-awesome/css/font-awesome.min.css
Fri Jun 30 2017 18:43:50 GMT-0700 (Pacific Daylight Time): GET /vendor/jquery/jquery.min.js
Fri Jun 30 2017 18:43:50 GMT-0700 (Pacific Daylight Time): GET /js/jqBootstrapValidation.js
Fri Jun 30 2017 18:43:50 GMT-0700 (Pacific Daylight Time): GET /vendor/bootstrap/js/bootstrap.min.js
Fri Jun 30 2017 18:43:50 GMT-0700 (Pacific Daylight Time): GET /js/contact_me.js
Fri Jun 30 2017 18:43:50 GMT-0700 (Pacific Daylight Time): GET /js/freelancer.min.js
Fri Jun 30 2017 18:43:50 GMT-0700 (Pacific Daylight Time): GET /img/profile.png
Fri Jun 30 2017 18:43:50 GMT-0700 (Pacific Daylight Time): GET /img/portfolio/cabin.png
Fri Jun 30 2017 18:43:50 GMT-0700 (Pacific Daylight Time): GET /img/portfolio/cake.png
Fri Jun 30 2017 18:43:50 GMT-0700 (Pacific Daylight Time): GET /img/portfolio/circus.png
Fri Jun 30 2017 18:43:50 GMT-0700 (Pacific Daylight Time): GET /img/portfolio/game.png
Fri Jun 30 2017 18:43:50 GMT-0700 (Pacific Daylight Time): GET /img/portfolio/safe.png
Fri Jun 30 2017 18:43:50 GMT-0700 (Pacific Daylight Time): GET /img/portfolio/submarine.png
Fri Jun 30 2017 18:47:41 GMT-0700 (Pacific Daylight Time): GET /about
Fri Jun 30 2017 18:47:41 GMT-0700 (Pacific Daylight Time): GET /vendor/bootstrap/css/bootstrap.min.css
Fri Jun 30 2017 18:47:41 GMT-0700 (Pacific Daylight Time): GET /vendor/font-awesome/css/font-awesome.min.css
Fri Jun 30 2017 18:47:41 GMT-0700 (Pacific Daylight Time): GET /css/freelancer.min.css
Fri Jun 30 2017 18:47:41 GMT-0700 (Pacific Daylight Time): GET /vendor/bootstrap/js/bootstrap.min.js
Fri Jun 30 2017 18:47:41 GMT-0700 (Pacific Daylight Time): GET /vendor/jquery/jquery.min.js
Fri Jun 30 2017 18:47:41 GMT-0700 (Pacific Daylight Time): GET /js/jqBootstrapValidation.js
Fri Jun 30 2017 18:47:41 GMT-0700 (Pacific Daylight Time): GET /js/contact_me.js
Fri Jun 30 2017 18:47:41 GMT-0700 (Pacific Daylight Time): GET /js/freelancer.min.js
Fri Jun 30 2017 18:47:42 GMT-0700 (Pacific Daylight Time): GET /img/profile.png
Fri Jun 30 2017 18:47:42 GMT-0700 (Pacific Daylight Time): GET /img/portfolio/cabin.png
Fri Jun 30 2017 18:47:42 GMT-0700 (Pacific Daylight Time): GET /img/portfolio/vjdzmg45.bmp
Fri Jun 30 2017 18:47:42 GMT-0700 (Pacific Daylight Time): GET /img/portfolio/cake.png
Fri Jun 30 2017 18:47:42 GMT-0700 (Pacific Daylight Time): GET /img/portfolio/game.png
Fri Jun 30 2017 18:47:42 GMT-0700 (Pacific Daylight Time): GET /img/portfolio/safe.png
Fri Jun 30 2017 18:47:42 GMT-0700 (Pacific Daylight Time): GET /img/portfolio/submarine.png
Fri Jun 30 2017 18:47:42 GMT-0700 (Pacific Daylight Time): GET /img/portfolio/circus.png
Fri Jun 30 2017 18:48:48 GMT-0700 (Pacific Daylight Time): GET /about
Fri Jun 30 2017 18:48:48 GMT-0700 (Pacific Daylight Time): GET /vendor/bootstrap/css/bootstrap.min.css
Fri Jun 30 2017 18:48:48 GMT-0700 (Pacific Daylight Time): GET /css/freelancer.min.css
Fri Jun 30 2017 18:48:48 GMT-0700 (Pacific Daylight Time): GET /vendor/font-awesome/css/font-awesome.min.css
Fri Jun 30 2017 18:48:48 GMT-0700 (Pacific Daylight Time): GET /vendor/jquery/jquery.min.js
Fri Jun 30 2017 18:48:48 GMT-0700 (Pacific Daylight Time): GET /js/jqBootstrapValidation.js
Fri Jun 30 2017 18:48:48 GMT-0700 (Pacific Daylight Time): GET /vendor/bootstrap/js/bootstrap.min.js
Fri Jun 30 2017 18:48:48 GMT-0700 (Pacific Daylight Time): GET /js/contact_me.js
Fri Jun 30 2017 18:48:48 GMT-0700 (Pacific Daylight Time): GET /js/freelancer.min.js
Fri Jun 30 2017 18:48:48 GMT-0700 (Pacific Daylight Time): GET /img/profile.png
Fri Jun 30 2017 18:48:48 GMT-0700 (Pacific Daylight Time): GET /img/portfolio/cabin.png
Fri Jun 30 2017 18:48:48 GMT-0700 (Pacific Daylight Time): GET /img/portfolio/cake.png
Fri Jun 30 2017 18:48:48 GMT-0700 (Pacific Daylight Time): GET /img/portfolio/vjdzmg45.bmp
Fri Jun 30 2017 18:48:48 GMT-0700 (Pacific Daylight Time): GET /img/portfolio/game.png
Fri Jun 30 2017 18:48:48 GMT-0700 (Pacific Daylight Time): GET /img/portfolio/safe.png
Fri Jun 30 2017 18:48:48 GMT-0700 (Pacific Daylight Time): GET /img/portfolio/submarine.png
Fri Jun 30 2017 18:48:48 GMT-0700 (Pacific Daylight Time): GET /img/portfolio/circus.png
Fri Jun 30 2017 18:48:57 GMT-0700 (Pacific Daylight Time): GET /vendor/bootstrap/css/bootstrap.min.css.map
Fri Jun 30 2017 18:50:03 GMT-0700 (Pacific Daylight Time): GET /about
Fri Jun 30 2017 18:50:03 GMT-0700 (Pacific Daylight Time): GET /vendor/bootstrap/css/bootstrap.min.css
Fri Jun 30 2017 18:50:03 GMT-0700 (Pacific Daylight Time): GET /css/freelancer.min.css
Fri Jun 30 2017 18:50:03 GMT-0700 (Pacific Daylight Time): GET /vendor/font-awesome/css/font-awesome.min.css
Fri Jun 30 2017 18:50:03 GMT-0700 (Pacific Daylight Time): GET /vendor/jquery/jquery.min.js
Fri Jun 30 2017 18:50:03 GMT-0700 (Pacific Daylight Time): GET /vendor/bootstrap/js/bootstrap.min.js
Fri Jun 30 2017 18:50:03 GMT-0700 (Pacific Daylight Time): GET /js/jqBootstrapValidation.js
Fri Jun 30 2017 18:50:03 GMT-0700 (Pacific Daylight Time): GET /js/contact_me.js
Fri Jun 30 2017 18:50:03 GMT-0700 (Pacific Daylight Time): GET /js/freelancer.min.js
Fri Jun 30 2017 18:50:03 GMT-0700 (Pacific Daylight Time): GET /img/profile.png
Fri Jun 30 2017 18:50:03 GMT-0700 (Pacific Daylight Time): GET /img/portfolio/cabin.png
Fri Jun 30 2017 18:50:03 GMT-0700 (Pacific Daylight Time): GET /img/portfolio/cake.png
Fri Jun 30 2017 18:50:03 GMT-0700 (Pacific Daylight Time): GET /img/portfolio/vjdzmg45.bmp
Fri Jun 30 2017 18:50:03 GMT-0700 (Pacific Daylight Time): GET /img/portfolio/game.png
Fri Jun 30 2017 18:50:03 GMT-0700 (Pacific Daylight Time): GET /img/portfolio/safe.png
Fri Jun 30 2017 18:50:03 GMT-0700 (Pacific Daylight Time): GET /img/portfolio/submarine.png
Fri Jun 30 2017 18:51:53 GMT-0700 (Pacific Daylight Time): GET /about
Fri Jun 30 2017 18:51:53 GMT-0700 (Pacific Daylight Time): GET /vendor/bootstrap/css/bootstrap.min.css
Fri Jun 30 2017 18:51:53 GMT-0700 (Pacific Daylight Time): GET /css/freelancer.min.css
Fri Jun 30 2017 18:51:53 GMT-0700 (Pacific Daylight Time): GET /vendor/font-awesome/css/font-awesome.min.css
Fri Jun 30 2017 18:51:53 GMT-0700 (Pacific Daylight Time): GET /vendor/jquery/jquery.min.js
Fri Jun 30 2017 18:51:53 GMT-0700 (Pacific Daylight Time): GET /js/jqBootstrapValidation.js
Fri Jun 30 2017 18:51:53 GMT-0700 (Pacific Daylight Time): GET /vendor/bootstrap/js/bootstrap.min.js
Fri Jun 30 2017 18:51:53 GMT-0700 (Pacific Daylight Time): GET /js/contact_me.js
Fri Jun 30 2017 18:51:53 GMT-0700 (Pacific Daylight Time): GET /js/freelancer.min.js
Fri Jun 30 2017 18:51:53 GMT-0700 (Pacific Daylight Time): GET /img/profile.png
Fri Jun 30 2017 18:51:53 GMT-0700 (Pacific Daylight Time): GET /img/portfolio/cabin.png
Fri Jun 30 2017 18:51:53 GMT-0700 (Pacific Daylight Time): GET /img/portfolio/cake.png
Fri Jun 30 2017 18:51:53 GMT-0700 (Pacific Daylight Time): GET /img/portfolio/vjdzmg45.bmp
Fri Jun 30 2017 18:51:53 GMT-0700 (Pacific Daylight Time): GET /img/portfolio/game.png
Fri Jun 30 2017 18:51:53 GMT-0700 (Pacific Daylight Time): GET /img/portfolio/safe.png
Fri Jun 30 2017 18:51:53 GMT-0700 (Pacific Daylight Time): GET /img/portfolio/submarine.png
Fri Jun 30 2017 18:52:09 GMT-0700 (Pacific Daylight Time): GET /about
Fri Jun 30 2017 18:52:09 GMT-0700 (Pacific Daylight Time): GET /vendor/bootstrap/css/bootstrap.min.css
Fri Jun 30 2017 18:52:09 GMT-0700 (Pacific Daylight Time): GET /css/freelancer.min.css
Fri Jun 30 2017 18:52:09 GMT-0700 (Pacific Daylight Time): GET /vendor/font-awesome/css/font-awesome.min.css
Fri Jun 30 2017 18:52:09 GMT-0700 (Pacific Daylight Time): GET /vendor/jquery/jquery.min.js
Fri Jun 30 2017 18:52:09 GMT-0700 (Pacific Daylight Time): GET /vendor/bootstrap/js/bootstrap.min.js
Fri Jun 30 2017 18:52:09 GMT-0700 (Pacific Daylight Time): GET /js/jqBootstrapValidation.js
Fri Jun 30 2017 18:52:09 GMT-0700 (Pacific Daylight Time): GET /js/contact_me.js
Fri Jun 30 2017 18:52:09 GMT-0700 (Pacific Daylight Time): GET /js/freelancer.min.js
Fri Jun 30 2017 18:52:09 GMT-0700 (Pacific Daylight Time): GET /img/profile.png
Fri Jun 30 2017 18:52:09 GMT-0700 (Pacific Daylight Time): GET /img/portfolio/cabin.png
Fri Jun 30 2017 18:52:09 GMT-0700 (Pacific Daylight Time): GET /img/portfolio/cake.png
Fri Jun 30 2017 18:52:09 GMT-0700 (Pacific Daylight Time): GET /img/portfolio/vjdzmg45.bmp
Fri Jun 30 2017 18:52:09 GMT-0700 (Pacific Daylight Time): GET /img/portfolio/game.png
Fri Jun 30 2017 18:52:09 GMT-0700 (Pacific Daylight Time): GET /img/portfolio/safe.png
Fri Jun 30 2017 18:52:09 GMT-0700 (Pacific Daylight Time): GET /img/portfolio/submarine.png
Fri Jun 30 2017 18:52:20 GMT-0700 (Pacific Daylight Time): GET /img/portfolio/vjdzmg45.bmp
Fri Jun 30 2017 18:56:01 GMT-0700 (Pacific Daylight Time): GET /about
Fri Jun 30 2017 18:56:01 GMT-0700 (Pacific Daylight Time): GET /vendor/bootstrap/css/bootstrap.min.css
Fri Jun 30 2017 18:56:01 GMT-0700 (Pacific Daylight Time): GET /css/freelancer.min.css
Fri Jun 30 2017 18:56:01 GMT-0700 (Pacific Daylight Time): GET /vendor/font-awesome/css/font-awesome.min.css
Fri Jun 30 2017 18:56:01 GMT-0700 (Pacific Daylight Time): GET /vendor/bootstrap/js/bootstrap.min.js
Fri Jun 30 2017 18:56:01 GMT-0700 (Pacific Daylight Time): GET /vendor/jquery/jquery.min.js
Fri Jun 30 2017 18:56:01 GMT-0700 (Pacific Daylight Time): GET /js/jqBootstrapValidation.js
Fri Jun 30 2017 18:56:01 GMT-0700 (Pacific Daylight Time): GET /js/contact_me.js
Fri Jun 30 2017 18:56:01 GMT-0700 (Pacific Daylight Time): GET /js/freelancer.min.js
Fri Jun 30 2017 18:56:01 GMT-0700 (Pacific Daylight Time): GET /img/profile.png
Fri Jun 30 2017 18:56:01 GMT-0700 (Pacific Daylight Time): GET /img/portfolio/cabin.png
Fri Jun 30 2017 18:56:02 GMT-0700 (Pacific Daylight Time): GET /img/portfolio/cake.png
Fri Jun 30 2017 18:56:02 GMT-0700 (Pacific Daylight Time): GET /img/portfolio/vjdzmg45.bmp
Fri Jun 30 2017 18:56:02 GMT-0700 (Pacific Daylight Time): GET /img/portfolio/game.png
Fri Jun 30 2017 18:56:02 GMT-0700 (Pacific Daylight Time): GET /img/portfolio/safe.png
Fri Jun 30 2017 18:56:02 GMT-0700 (Pacific Daylight Time): GET /img/portfolio/submarine.png
Fri Jun 30 2017 18:57:05 GMT-0700 (Pacific Daylight Time): GET /about
Fri Jun 30 2017 18:57:05 GMT-0700 (Pacific Daylight Time): GET /vendor/bootstrap/css/bootstrap.min.css
Fri Jun 30 2017 18:57:05 GMT-0700 (Pacific Daylight Time): GET /css/freelancer.min.css
Fri Jun 30 2017 18:57:05 GMT-0700 (Pacific Daylight Time): GET /vendor/font-awesome/css/font-awesome.min.css
Fri Jun 30 2017 18:57:05 GMT-0700 (Pacific Daylight Time): GET /vendor/jquery/jquery.min.js
Fri Jun 30 2017 18:57:05 GMT-0700 (Pacific Daylight Time): GET /vendor/bootstrap/js/bootstrap.min.js
Fri Jun 30 2017 18:57:05 GMT-0700 (Pacific Daylight Time): GET /js/jqBootstrapValidation.js
Fri Jun 30 2017 18:57:05 GMT-0700 (Pacific Daylight Time): GET /js/contact_me.js
Fri Jun 30 2017 18:57:05 GMT-0700 (Pacific Daylight Time): GET /js/freelancer.min.js
Fri Jun 30 2017 18:57:05 GMT-0700 (Pacific Daylight Time): GET /img/profile.png
Fri Jun 30 2017 18:57:05 GMT-0700 (Pacific Daylight Time): GET /img/portfolio/cabin.png
Fri Jun 30 2017 18:57:05 GMT-0700 (Pacific Daylight Time): GET /img/portfolio/cake.png
Fri Jun 30 2017 18:57:05 GMT-0700 (Pacific Daylight Time): GET /img/portfolio/vjdzmg45.bmp
Fri Jun 30 2017 18:57:05 GMT-0700 (Pacific Daylight Time): GET /img/portfolio/game.png
Fri Jun 30 2017 18:57:05 GMT-0700 (Pacific Daylight Time): GET /img/portfolio/safe.png
Fri Jun 30 2017 18:57:05 GMT-0700 (Pacific Daylight Time): GET /img/portfolio/submarine.png
Fri Jun 30 2017 18:58:03 GMT-0700 (Pacific Daylight Time): POST /mail/contact_me.php
Fri Jun 30 2017 21:35:17 GMT-0700 (Pacific Daylight Time): GET /about
Fri Jun 30 2017 21:39:28 GMT-0700 (Pacific Daylight Time): GET /about
Fri Jun 30 2017 21:42:04 GMT-0700 (Pacific Daylight Time): GET /about
Fri Jun 30 2017 21:45:20 GMT-0700 (Pacific Daylight Time): GET /about
Fri Jun 30 2017 21:50:36 GMT-0700 (Pacific Daylight Time): GET /about
Fri Jun 30 2017 21:52:43 GMT-0700 (Pacific Daylight Time): GET /about
Fri Jun 30 2017 21:55:49 GMT-0700 (Pacific Daylight Time): GET /about
Fri Jun 30 2017 21:55:59 GMT-0700 (Pacific Daylight Time): GET /about
Fri Jun 30 2017 21:57:39 GMT-0700 (Pacific Daylight Time): GET /about
Fri Jun 30 2017 22:01:06 GMT-0700 (Pacific Daylight Time): GET /about
Fri Jun 30 2017 22:05:09 GMT-0700 (Pacific Daylight Time): GET /about
Fri Jun 30 2017 22:06:38 GMT-0700 (Pacific Daylight Time): GET /about
Fri Jun 30 2017 22:10:20 GMT-0700 (Pacific Daylight Time): GET /about
